0 0   0.563585 0.808741 
0 1   0.479873 0.895962 
0 2   0.746605 0.858943 
0 3   0.513535 0.0149846 
0 4   0.364452 0.165899 
0 5   0.445692 0.00466933 
0 6   0.37788 0.571184 
0 7   0.607166 0.663045 
0 8   0.352123 0.607685 
0 9   0.802606 0.30195 
0 10   0.726676 0.925718 
0 11   0.142338 0.235328 
0 12   0.209601 0.843654 
0 13   0.999695 0.392438 
0 14   0.297281 0.0237434 
0 15   0.0926237 0.0562151 
0 16   0.91879 0.272897 
0 17   0.691183 0.726493 
0 18   0.205359 0.468459 
0 19   0.949156 0.10828 
0 20   0.385235 0.608966 
0 21   0.361339 0.225105 
0 22   0.802881 0.98999 
0 23   0.345561 0.657308 
0 24   0.0635395 0.504807 
0 25   0.949583 0.905118 
0 26   0.303049 0.0703757 
0 27   0.683187 0.877255 
0 28   0.582049 0.177892 
0 29   0.475265 0.503922 
1 0   0.405591 0.568743 
1 1   0.755852 0.475295 
1 2   0.367809 0.0350963 
1 3   0.662984 0.104678 
1 4   0.921384 0.345988 
1 5   0.374981 0.316874 
1 6   0.271889 0.2978 
1 7   0.567278 0.761315 
1 8   0.397656 0.890164 
1 9   0.994629 0.0505081 
1 10   0.194067 0.626759 
1 11   0.197851 0.123325 
1 12   0.743126 0.941069 
1 13   0.336314 0.733085 
1 14   0.707999 0.747215 
1 15   0.144475 0.0610065 
1 16   0.852626 0.115604 
1 17   0.0142521 0.454512 
1 18   0.686148 0.0738853 
1 19   0.201941 0.290353 
1 20   0.232429 0.532579 
1 21   0.160192 0.963042 
1 22   0.924802 0.335948 
1 23   0.995178 0.998016 
1 24   0.625172 0.437727 
1 25   0.0484329 0.290017 
1 26   0.769066 0.201971 
1 27   0.604144 0.466353 
1 28   0.634724 0.828791 
1 29   0.720908 0.375134 
2 0   0.737907 0.905087 
2 1   0.18894 0.698508 
2 2   0.351299 0.0803858 
2 3   0.612049 0.691122 
2 4   0.149113 0.867733 
2 5   0.614704 0.0432142 
2 6   0.976531 0.569201 
2 7   0.173925 0.869045 
2 8   0.744316 0.326914 
2 9   0.0766015 0.820002 
2 10   0.448256 0.298746 
2 11   0.501205 0.323038 
2 12   0.313883 0.959075 
2 13   0.725028 0.943999 
2 14   0.0657369 0.524583 
2 15   0.956114 0.875637 
2 16   0.322123 0.505051 
2 17   0.290292 0.551164 
2 18   0.114536 0.379131 
2 19   0.793359 0.382366 
2 20   0.532151 0.395184 
2 21   0.707877 0.623066 
2 22   0.491501 0.496902 
2 23   0.785363 0.357097 
2 24   0.630848 0.374248 
2 25   0.743278 0.611988 
2 26   0.329844 0.63921 
2 27   0.847072 0.596881 
2 28   0.853969 0.126469 
2 29   0.617145 0.0659505 
3 0   0.624104 0.319407 
3 1   0.661 0.806879 
3 2   0.611103 0.900601 
3 3   0.630177 0.2537 
3 4   0.85519 0.427808 
3 5   0.302286 0.225562 
3 6   0.11063 0.134709 
3 7   0.78811 0.789636 
3 8   0.615223 0.856655 
3 9   0.863582 0.24955 
3 10   0.984832 0.0814234 
3 11   0.426801 0.258797 
3 12   0.232765 0.125095 
3 13   0.0801111 0.0587176 
3 14   0.914701 0.432783 
3 15   0.837184 0.842097 
3 16   0.397687 0.00433363 
3 17   0.954802 0.241096 
3 18   0.255135 0.94528 
3 19   0.890225 0.940977 
3 20   0.786157 0.14243 
3 21   0.383007 0.41792 
3 22   0.659932 0.0648518 
3 23   0.662069 0.802698 
3 24   0.685629 0.689505 
3 25   0.777734 0.868679 
3 26   0.706565 0.551988 
3 27   0.0587786 0.145177 
3 28   0.619984 0.922483 
3 29   0.69454 0.155919 
4 0   0.521439 0.106418 
4 1   0.441725 0.782098 
4 2   0.974395 0.870388 
4 3   0.456618 0.750633 
4 4   0.404706 0.992615 
4 5   0.252083 0.247688 
4 6   0.620319 0.939085 
4 7   0.779656 0.656758 
4 8   0.455458 0.664174 
4 9   0.636341 0.42204 
4 10   0.540574 0.536454 
4 11   0.396954 0.0366222 
4 12   0.196509 0.389416 
4 13   0.070925 0.155889 
4 14   0.454329 0.697348 
4 15   0.684469 0.835719 
4 16   0.199591 0.876003 
4 17   0.987457 0.895718 
4 18   0.442061 0.708518 
4 19   0.285562 0.407636 
4 20   0.710196 0.896054 
4 21   0.397412 0.308603 
4 22   0.570574 0.733695 
4 23   0.736381 0.139317 
4 24   0.272591 0.91113 
4 25   0.517655 0.907437 
4 26   0.51796 0.43852 
4 27   0.0904263 0.0757775 
4 28   0.355083 0.697287 
4 29   0.394848 0.675741 
5 0   0.198706 0.615711 
5 1   0.543992 0.545366 
5 2   0.974578 0.96997 
5 3   0.530961 0.692801 
5 4   0.388623 0.809778 
5 5   0.0608234 0.784478 
5 6   0.321909 0.00915555 
5 7   0.507859 0.758538 
5 8   0.349803 0.94232 
5 9   0.997284 0.562853 
5 10   0.386761 0.284219 
5 11   0.612568 0.0186163 
5 12   0.455702 0.936766 
5 13   0.727287 0.808374 
5 14   0.582598 0.0790124 
5 15   0.462203 0.589434 
5 16   0.816065 0.343577 
5 17   0.267312 0.232093 
5 18   0.371746 0.116855 
5 19   0.628925 0.18302 
5 20   0.902005 0.965209 
5 21   0.901547 0.953398 
5 22   0.890347 0.185461 
5 23   0.264992 0.7322 
5 24   0.170934 0.480941 
5 25   0.806543 0.124638 
5 26   0.573321 0.762047 
5 27   0.727775 0.0153508 
5 28   0.691641 0.0721152 
5 29   0.676626 0.556658 
6 0   0.779504 0.638234 
6 1   0.204596 0.281747 
6 2   0.769219 0.046968 
6 3   0.348582 0.343242 
6 4   0.416517 0.545183 
6 5   0.337992 0.876247 
6 6   0.570025 0.465773 
6 7   0.426801 0.486587 
6 8   0.565813 0.778466 
6 9   0.850551 0.864376 
6 10   0.746849 0.765618 
6 11   0.908322 0.521958 
6 12   0.107639 0.823054 
6 13   0.169836 0.65746 
6 14   0.0637226 0.385662 
6 15   0.807611 0.142857 
6 16   0.346141 0.978423 
6 17   0.0536515 0.637471 
6 18   0.0210578 0.391949 
6 19   0.781884 0.826044 
6 20   0.634266 0.983489 
6 21   0.214789 0.782159 
6 22   0.480605 0.102512 
6 23   0.755821 0.456404 
6 24   0.998749 0.641652 
6 25   0.946104 0.289804 
6 26   0.290384 0.712363 
6 27   0.546678 0.952055 
6 28   0.76516 0.445753 
6 29   0.745537 0.204627 
7 0   0.909818 0.918394 
7 1   0.489395 0.88934 
7 2   0.182928 0.203009 
7 3   0.94113 0.0413526 
7 4   0.0345164 0.544481 
7 5   0.0613727 0.12775 
7 6   0.0503555 0.660237 
7 7   0.315958 0.410535 
7 8   0.221625 0.166448 
7 9   0.507645 0.435072 
7 10   0.339488 0.128574 
7 11   0.733299 0.64333 
7 12   0.514481 0.737175 
7 13   0.465835 0.112186 
7 14   0.821223 0.108676 
7 15   0.761376 0.416669 
7 16   0.0677511 0.21128 
7 17   0.591113 0.618274 
7 18   0.690298 0.915647 
7 19   0.298502 0.378185 
7 20   0.772515 0.170568 
7 21   0.181219 0.195624 
7 22   0.190252 0.303995 
7 23   0.198157 0.771172 
7 24   0.881039 0.448622 
7 25   0.801538 0.494858 
7 26   0.238502 0.0927458 
7 27   0.893826 0.0596332 
7 28   0.632038 0.756066 
7 29   0.909909 0.199622 
8 0   0.0512406 0.790368 
8 1   0.0240486 0.553362 
8 2   0.875546 0.305429 
8 3   0.481887 0.651967 
8 4   0.768578 0.219733 
8 5   0.0575274 0.0326853 
8 6   0.697867 0.436262 
8 7   0.635548 0.476974 
8 8   0.0792871 0.143223 
8 9   0.917997 0.373821 
8 10   0.0466323 0.239998 
8 11   0.256508 0.208014 
8 12   0.846156 0.887692 
8 13   0.609272 0.173528 
8 14   0.355907 0.185064 
8 15   0.623035 0.911679 
8 16   0.730644 0.969329 
8 17   0.840205 0.374401 
8 18   0.170965 0.741813 
8 19   0.0308847 0.812708 
8 20   0.818171 0.718894 
8 21   0.649831 0.889676 
8 22   0.773492 0.00756859 
8 23   0.41847 0.919034 
8 24   0.242866 0.906522 
8 25   0.0321055 0.228248 
8 26   0.806391 0.331614 
8 27   0.991791 0.64687 
8 28   0.812799 0.366894 
8 29   0.561296 0.119785 
9 0   0.899014 0.940184 
9 1   0.84933 0.44557 
9 2   0.634754 0.624042 
9 3   0.01648 0.139622 
9 4   0.291971 0.561449 
9 5   0.607227 0.422712 
9 6   0.739463 0.516526 
9 7   0.00698874 0.333872 
9 8   0.462264 0.0505081 
9 9   0.0241707 0.969085 
9 10   0.706381 0.822352 
9 11   0.597217 0.844234 
9 12   0.748161 0.0144963 
9 13   0.626484 0.383618 
9 14   0.288827 0.883877 
9 15   0.931547 0.533128 
9 16   0.974242 0.437422 
9 17   0.332957 0.49855 
9 18   0.0390027 0.233039 
9 19   0.859523 0.608814 
9 20   0.0764489 0.305307 
9 21   0.0800501 0.30427 
9 22   0.93289 0.216224 
9 23   0.560717 0.250069 
9 24   0.727134 0.231086 
9 25   0.446791 0.574328 
9 26   0.995239 0.61919 
9 27   0.169836 0.231483 
9 28   0.959807 0.0796228 
9 29   0.279733 0.490555 
10 0   0.924711 0.292154 
10 1   0.401654 0.548357 
10 2   0.794427 0.592853 
10 3   0.318064 0.267922 
10 4   0.718772 0.774895 
10 5   0.175909 0.0416272 
10 6   0.8623 0.0144658 
10 7   0.818537 0.779656 
10 8   0.298746 0.921506 
10 9   0.242622 0.023011 
10 10   0.0308847 0.715323 
10 11   0.180425 0.182104 
10 12   0.134739 0.52562 
10 13   0.806726 0.899869 
10 14   0.0292367 0.818079 
10 15   0.570696 0.539933 
10 16   0.870754 0.94528 
10 17   0.153233 0.800256 
10 18   0.072512 0.822413 
10 19   0.548784 0.450941 
10 20   0.949461 0.72805 
10 21   0.272378 0.197943 
10 22   0.48735 0.229926 
10 23   0.691794 0.671133 
10 24   0.237526 0.235817 
10 25   0.484359 0.537492 
10 26   0.336528 0.169225 
10 27   0.219275 0.739677 
10 28   0.650441 0.270089 
10 29   0.0644246 0.859066 
11 0   0.0443739 0.0207831 
11 1   0.618519 0.604053 
11 2   0.777367 0.696738 
11 3   0.868007 0.423505 
11 4   0.021424 0.0421461 
11 5   0.269265 0.24485 
11 6   0.506455 0.0710166 
11 7   0.955535 0.337474 
11 8   0.289529 0.992706 
11 9   0.0689108 0.300913 
11 10   0.649617 0.262764 
11 11   0.217536 0.178259 
11 12   0.106906 0.758843 
11 13   0.0574053 0.694296 
11 14   0.567583 0.0812098 
11 15   0.999664 0.618854 
11 16   0.593127 0.978881 
11 17   0.0422987 0.255135 
11 18   0.794946 0.900052 
11 19   0.727561 0.0529496 
11 20   0.353984 0.668111 
11 21   0.22364 0.346965 
11 22   0.66512 0.282357 
11 23   0.531999 0.219977 
11 24   0.106723 0.843806 
11 25   0.819147 0.491348 
11 26   0.935331 0.605823 
11 27   0.873836 0.830103 
11 28   0.30488 0.150121 
11 29   0.689047 0.993194 
12 0   0.411603 0.687429 
12 1   0.169012 0.189001 
12 2   0.763298 0.48323 
12 3   0.961241 0.565477 
12 4   0.573901 0.408704 
12 5   0.413495 0.823359 
12 6   0.28312 0.61626 
12 7   0.656056 0.954497 
12 8   0.200873 0.340556 
12 9   0.808405 0.105258 
12 10   0.276864 0.824244 
12 11   0.311533 0.564684 
12 12   0.995117 0.36848 
12 13   0.384869 0.877743 
12 14   0.393384 0.50914 
12 15   0.608295 0.0836512 
12 16   0.207923 0.31727 
12 17   0.629139 0.0793176 
12 18   0.142827 0.824976 
12 19   0.994415 0.107334 
12 20   0.264595 0.57625 
12 21   0.107517 0.369427 
12 22   0.521714 0.302622 
12 23   0.310617 0.764733 
12 24   0.389111 0.724174 
12 25   0.0914029 0.753075 
12 26   0.637806 0.475021 
12 27   0.415296 0.34312 
12 28   0.229316 0.154271 
12 29   0.182287 0.205939 
13 0   0.335276 0.501907 
13 1   0.809259 0.912992 
13 2   0.481918 0.69924 
13 3   0.936705 0.299539 
13 4   0.819636 0.795068 
13 5   0.260964 0.952971 
13 6   0.517441 0.256172 
13 7   0.491256 0.825983 
13 8   0.282632 0.643269 
13 9   0.431532 0.974975 
13 10   0.00518815 0.411664 
13 11   0.187658 0.423139 
13 12   0.527421 0.837184 
13 13   0.499496 0.148991 
13 14   0.538377 0.066744 
13 15   0.197729 0.19953 
13 16   0.593493 0.294382 
13 17   0.786126 0.928434 
13 18   0.25898 0.0618915 
13 19   0.14832 0.359416 
13 20   0.381573 0.684561 
13 21   0.380108 0.674642 
13 22   0.482833 0.802057 
13 23   0.74633 0.827784 
13 24   0.278787 0.0541398 
13 25   0.762902 0.282388 
13 26   0.324564 0.881619 
13 27   0.403821 0.875271 
13 28   0.783654 0.451704 
13 29   0.433332 0.804559 
14 0   0.322672 0.709403 
14 1   0.86288 0.743217 
14 2   0.130833 0.55269 
14 3   0.533006 0.0771813 
14 4   0.0644551 0.133702 
14 5   0.820643 0.268715 
14 6   0.916532 0.284433 
14 7   0.470931 0.344646 
14 8   0.811121 0.0673238 
14 9   0.554399 0.509568 
14 10   0.723106 0.451308 
14 11   0.548845 0.884365 
14 12   0.122532 0.11243 
14 13   0.546464 0.369182 
14 14   0.744346 0.359661 
14 15   0.585925 0.632038 
14 16   0.482589 0.185705 
14 17   0.109256 0.221778 
14 18   0.410291 0.442732 
14 19   0.544053 0.806635 
14 20   0.923826 0.143223 
14 21   0.0102847 0.537248 
14 22   0.0123905 0.885708 
14 23   0.152593 0.535203 
14 24   0.65273 0.40556 
14 25   0.0970794 0.506119 
14 26   0.32841 0.250771 
14 27   0.533525 0.478072 
14 28   0.674581 0.582751 
14 29   0.9223 0.664724 
15 0   0.247383 0.102023 
15 1   0.826441 0.453749 
15 2   0.4185 0.0992157 
15 3   0.368633 0.520035 
15 4   0.394696 0.630604 
15 5   0.81341 0.0639363 
15 6   0.362377 0.818964 
15 7   0.273934 0.174718 
15 8   0.757103 0.279427 
15 9   0.544206 0.318613 
15 10   0.65804 0.670248 
15 11   0.056032 0.952239 
15 12   0.307627 0.368542 
15 13   0.961119 0.260811 
15 14   0.756035 0.271004 
15 15   0.337901 0.0215766 
15 16   0.630696 0.719871 
15 17   0.523942 0.591937 
15 18   0.0307932 0.553484 
15 19   0.572588 0.0226447 
15 20   0.546953 0.282235 
15 21   0.835231 0.296457 
15 22   0.405591 0.389386 
15 23   0.668203 0.690939 
15 24   0.738517 0.756584 
15 25   0.264931 0.267129 
15 26   0.977477 0.214911 
15 27   0.612903 0.48262 
15 28   0.373669 0.220618 
15 29   0.575701 0.929899 
16 0   0.642323 0.655751 
16 1   0.0999786 0.199591 
16 2   0.732139 0.754112 
16 3   0.547655 0.868862 
16 4   0.719901 0.151921 
16 5   0.152776 0.61449 
16 6   0.829981 0.0637226 
16 7   0.603626 0.451369 
16 8   0.578784 0.583056 
16 9   0.749748 0.095645 
16 10   0.0444655 0.108188 
16 11   0.433912 0.453017 
16 12   0.26133 0.893094 
16 13   0.449324 0.232063 
16 14   0.739372 0.723045 
16 15   0.621448 0.682485 
16 16   0.108798 0.715506 
16 17   0.0151067 0.458449 
16 18   0.889645 0.245827 
16 19   0.266671 0.606769 
16 20   0.386181 0.998169 
16 21   0.0408338 0.680258 
16 22   0.706626 0.141087 
16 23   0.612751 0.976012 
16 24   0.907407 0.628498 
16 25   0.575152 0.898618 
16 26   0.262947 0.625294 
16 27   0.670278 0.448531 
16 28   0.660115 0.0582293 
16 29   0.74691 0.835353 
17 0   0.117649 0.291787 
17 1   0.842494 0.215918 
17 2   0.430891 0.928739 
17 3   0.389996 0.55797 
17 4   0.941069 0.736045 
17 5   0.550188 0.627979 
17 6   0.430036 0.695669 
17 7   0.668386 0.10474 
17 8   0.139775 0.180273 
17 9   0.856777 0.817591 
17 10   0.916807 0.254189 
17 11   0.701132 0.109592 
17 12   0.481796 0.0988495 
17 13   0.093173 0.325968 
17 14   0.824152 0.563952 
17 15   0.187353 0.427198 
17 16   0.721427 0.842952 
17 17   0.482986 0.7275 
17 18   0.383953 0.273995 
17 19   0.0312204 0.757897 
17 20   0.224281 0.265725 
17 21   0.767266 0.254707 
17 22   0.751885 0.347911 
17 23   0.967132 0.272683 
17 24   0.592364 0.347362 
17 25   0.829768 0.423414 
17 26   0.632405 0.688681 
17 27   0.184271 0.23838 
17 28   0.288919 0.819941 
17 29   0.321726 0.657582 
18 0   0.903867 0.763665 
18 1   0.952269 0.642445 
18 2   0.263558 0.792474 
18 3   0.287027 0.914396 
18 4   0.243385 0.229835 
18 5   0.245491 0.817988 
18 6   0.577258 0.375958 
18 7   0.787103 0.309244 
18 8   0.752037 0.558489 
18 9   0.368603 0.0688803 
18 10   0.027253 0.308329 
18 11   0.525925 0.740715 
18 12   0.579546 0.660451 
18 13   0.581286 0.294748 
18 14   0.772179 0.579546 
18 15   0.475112 0.51561 
18 16   0.549577 0.510941 
18 17   0.723258 0.615802 
18 18   0.956969 0.0563677 
18 19   0.498825 0.973937 
18 20   0.784631 0.774712 
18 21   0.839381 0.998047 
18 22   0.337809 0.1077 
18 23   0.978851 0.113834 
18 24   0.330943 0.43086 
18 25   0.804559 0.878109 
18 26   0.907346 0.229225 
18 27   0.439405 0.216773 
18 28   0.783685 0.398053 
18 29   0.948759 0.788415 
19 0   0.519486 0.668691 
19 1   0.17246 0.472335 
19 2   0.911771 0.159307 
19 3   0.682028 0.982055 
19 4   0.514451 0.0507218 
19 5   0.862514 0.603351 
19 6   0.282998 0.387158 
19 7   0.119541 0.057741 
19 8   0.343852 0.0019837 
19 9   0.211554 0.490768 
19 10   0.889004 0.56859 
19 11   0.706565 0.585101 
19 12   0.195532 0.776025 
19 13   0.564287 0.798883 
19 14   0.770165 0.629994 
19 15   0.843318 0.729179 
19 16   0.618732 0.878384 
19 17   0.532884 0.600055 
19 18   0.640797 0.562243 
19 19   0.510178 0.875973 
19 20   0.149022 0.691519 
19 21   0.62215 0.999939 
19 22   0.513932 0.0456862 
19 23   0.892666 0.256996 
19 24   0.933287 0.099826 
19 25   0.854488 0.762322 
19 26   0.326548 0.0751061 
19 27   0.00625629 0.574602 
19 28   0.354686 0.11475 
19 29   0.394757 0.934294 
20 0   0.564379 0.584765 
20 1   0.321604 0.626789 
20 2   0.657826 0.499619 
20 3   0.175542 0.470992 
20 4   0.88702 0.0732749 
20 5   0.389386 0.932279 
20 6   0.573504 0.394696 
20 7   0.521958 0.860958 
20 8   0.752831 0.228828 
20 9   0.465346 0.355449 
20 10   0.943968 0.942259 
20 11   0.776666 0.750725 
20 12   0.0440382 0.554033 
20 13   0.135319 0.731437 
20 14   0.347697 0.911466 
20 15   0.924955 0.570208 
20 16   0.691763 0.990905 
20 17   0.940306 0.491043 
20 18   0.724601 0.323466 
20 19   0.219581 0.157414 
20 20   0.300851 0.545946 
20 21   0.00122074 0.285775 
20 22   0.000793481 0.0763878 
20 23   0.806055 0.383618 
20 24   0.775018 0.915128 
20 25   0.644215 0.612903 
20 26   0.713828 0.570269 
20 27   0.347331 0.778283 
20 28   0.941862 0.108798 
20 29   0.0253914 0.440321 
21 0   0.637501 0.332133 
21 1   0.648976 0.153966 
21 2   0.177648 0.0769066 
21 3   0.756035 0.83166 
21 4   0.406995 0.640919 
21 5   0.284127 0.231635 
21 6   0.0326853 0.33372 
21 7   0.527421 0.571245 
21 8   0.143803 0.152532 
21 9   0.218574 0.265267 
21 10   0.855953 0.582995 
21 11   0.735954 0.789148 
21 12   0.0807215 0.524888 
21 13   0.43556 0.667196 
21 14   0.420331 0.342967 
21 15   0.108097 0.586047 
21 16   0.186926 0.0427564 
21 17   0.560991 0.632832 
21 18   0.547472 0.571337 
21 19   0.325419 0.658437 
21 20   0.792901 0.242958 
21 21   0.488357 0.765862 
21 22   0.732933 0.290139 
21 23   0.649556 0.92346 
21 24   0.2154 0.539201 
21 25   0.0036317 0.703177 
21 26   0.77102 0.211035 
21 27   0.547166 0.143895 
21 28   0.38258 0.847163 
21 29   0.410535 0.739799 
22 0   0.379894 0.360057 
22 1   0.315073 0.553392 
22 2   0.458937 0.209418 
22 3   0.155156 0.454054 
22 4   0.826594 0.702658 
22 5   0.70513 0.481124 
22 6   0.470199 0.420667 
22 7   0.451369 0.332377 
22 8   0.551927 0.768761 
22 9   0.549272 0.977142 
22 10   0.928495 0.652364 
22 11   0.905454 0.394513 
22 12   0.795557 0.277779 
22 13   0.384533 0.436964 
22 14   0.457289 0.0780053 
22 15   0.141362 0.818323 
22 16   0.220923 0.763573 
22 17   0.0779443 0.227088 
22 18   0.416334 0.498093 
22 19   0.425611 0.564867 
22 20   0.540422 0.199377 
22 21   0.451796 0.309519 
22 22   0.526749 0.964995 
22 23   0.292306 0.00344859 
22 24   0.14011 0.623035 
22 25   0.908261 0.867061 
22 26   0.495956 0.408032 
22 27   0.168065 0.536637 
22 28   0.705008 0.761681 
22 29   0.0546281 0.928129 
23 0   0.64272 0.258553 
23 1   0.997223 0.225013 
23 2   0.843867 0.657002 
23 3   0.32841 0.991943 
23 4   0.52208 0.0748009 
23 5   0.866482 0.41258 
23 6   0.714347 0.290078 
23 7   0.622059 0.653371 
23 8   0.550493 0.166967 
23 9   0.630329 0.35139 
23 10   0.647877 0.206488 
23 11   0.908109 0.227973 
23 12   0.630696 0.222266 
23 13   0.535691 0.826777 
23 14   0.774743 0.14127 
23 15   0.864193 0.377087 
23 16   0.776757 0.929777 
23 17   0.847194 0.78222 
23 18   0.649037 0.64388 
23 19   0.498062 0.732658 
23 20   0.739036 0.605548 
23 21   0.471908 0.944456 
23 22   0.873745 0.703238 
23 23   0.772546 0.522385 
23 24   0.629292 0.817652 
23 25   0.584552 0.448408 
23 26   0.725578 0.372692 
23 27   0.230445 0.194678 
23 28   0.545579 0.0110172 
23 29   0.252449 0.462172 
24 0   0.780145 0.395093 
24 1   0.61977 0.0436415 
24 2   0.197272 0.132633 
24 3   0.0604572 0.812128 
24 4   0.536851 0.827754 
24 5   0.51854 0.834071 
24 6   0.530076 0.256355 
24 7   0.736015 0.607746 
24 8   0.0439772 0.667348 
24 9   0.959899 0.426435 
24 10   0.351054 0.208014 
24 11   0.774163 0.866787 
24 12   0.523606 0.475082 
24 13   0.0569475 0.401959 
24 14   0.953551 0.190374 
24 15   0.0624714 0.140141 
24 16   0.996643 0.00161748 
24 17   0.628071 0.687582 
24 18   0.74221 0.408246 
24 19   0.50618 0.136998 
24 20   0.907743 0.812098 
24 21   0.821528 0.180883 
24 22   0.85815 0.693258 
24 23   0.652974 0.349681 
24 24   0.750542 0.910947 
24 25   0.740745 0.375195 
24 26   0.803644 0.129063 
24 27   0.318247 0.678762 
24 28   0.692404 0.367229 
24 29   0.069277 0.984558 
25 0   0.0673849 0.676351 
25 1   0.209906 0.0578936 
25 2   0.19953 0.939451 
25 3   0.695669 0.568651 
25 4   0.749443 0.797571 
25 5   0.553453 0.0791345 
25 6   0.662038 0.70043 
25 7   0.338572 0.157903 
25 8   0.186071 0.0822474 
25 9   0.716941 0.617603 
25 10   0.0187078 0.662557 
25 11   0.171758 0.878506 
25 12   0.574969 0.871883 
25 13   0.835994 0.456618 
25 14   0.382305 0.402661 
25 15   0.449019 0.577197 
25 16   0.600116 0.884884 
25 17   0.438887 0.912778 
25 18   0.664327 0.687002 
25 19   0.129246 0.446577 
25 20   0.0568255 0.841609 
25 21   0.0714133 0.460829 
25 22   0.20014 0.0962554 
25 23   0.501419 0.649892 
25 24   0.476791 0.0893277 
25 25   0.921995 0.358715 
25 26   0.373943 0.650685 
25 27   0.809595 0.946074 
25 28   0.752922 0.227424 
25 29   0.446516 0.272652 
26 0   0.243721 0.434828 
26 1   0.877865 0.314707 
26 2   0.76455 0.732047 
26 3   0.993591 0.902005 
26 4   0.166326 0.222816 
26 5   0.735466 0.581194 
26 6   0.00228889 0.581378 
26 7   0.429273 0.604297 
26 8   0.422468 0.103153 
26 9   0.241646 0.0415967 
26 10   0.193152 0.880581 
26 11   0.762322 0.0203253 
26 12   0.841609 0.103824 
26 13   0.710837 0.0876492 
26 14   0.925413 0.486709 
26 15   0.768975 0.699118 
26 16   0.427046 0.817316 
26 17   0.537431 0.831812 
26 18   0.273598 0.633839 
26 19   0.618091 0.7228 
26 20   0.981017 0.0254219 
26 21   0.820948 0.732261 
26 22   0.42375 0.557909 
26 23   0.496109 0.331797 
26 24   0.729423 0.324564 
26 25   0.990967 0.217811 
26 26   0.298105 0.121921 
26 27   0.232032 0.549669 
26 28   0.947111 0.750542 
26 29   0.432173 0.313059 
27 0   0.180242 0.440779 
27 1   0.922483 0.808252 
27 2   0.58269 0.403577 
27 3   0.109317 0.263283 
27 4   0.340159 0.506272 
27 5   0.556566 0.572497 
27 6   0.883694 0.073336 
27 7   0.192267 0.159459 
27 8   0.659047 0.81225 
27 9   0.641072 0.965636 
27 10   0.0213019 0.864071 
27 11   0.680929 0.56328 
27 12   0.254494 0.979461 
27 13   0.825312 0.394024 
27 14   0.715812 0.81933 
27 15   0.0302133 0.132054 
27 16   0.105411 0.380627 
27 17   0.52617 0.172308 
27 18   0.861019 0.547166 
27 19   0.775262 0.243934 
27 20   0.677114 0.765374 
27 21   0.553148 0.14832 
27 22   0.149754 0.845119 
27 23   0.156163 0.622669 
27 24   0.546068 0.885372 
27 25   0.733299 0.328013 
27 26   0.69863 0.325144 
27 27   0.743217 0.962767 
27 28   0.0252083 0.119144 
27 29   0.536241 0.500656 
28 0   0.673116 0.038667 
28 1   0.0616169 0.554399 
28 2   0.788781 0.0972625 
28 3   0.69924 0.863643 
28 4   0.912412 0.101566 
28 5   0.216803 0.908475 
28 6   0.49733 0.327158 
28 7   0.852016 0.647572 
28 8   0.554643 0.319193 
28 9   0.519242 0.381573 
28 10   0.422712 0.818323 
28 11   0.141942 0.741295 
28 12   0.661733 0.811304 
28 13   0.109439 0.80105 
28 14   0.0731529 0.707053 
28 15   0.859035 0.316843 
28 16   0.844417 0.637135 
28 17   0.583026 0.089816 
28 18   0.818232 0.881741 
28 19   0.0607318 0.454421 
28 20   0.887295 0.420362 
28 21   0.61565 0.89169 
28 22   0.513718 0.607654 
28 23   0.197241 0.76751 
28 24   0.373699 0.974151 
28 25   0.588122 0.195959 
28 26   0.126865 0.152043 
28 27   0.736167 0.0276498 
28 28   0.310953 0.926084 
28 29   0.21128 0.962859 
29 0   0.361217 0.409131 
29 1   0.787774 0.789819 
29 2   0.755119 0.343181 
29 3   0.151036 0.748131 
29 4   0.281594 0.52504 
29 5   0.729911 0.0169378 
29 6   0.435987 0.357006 
29 7   0.653432 0.328318 
29 8   0.939207 0.522843 
29 9   0.833033 0.705344 
29 10   0.382366 0.788476 
29 11   0.169469 0.325632 
29 12   0.99649 0.927671 
29 13   0.885067 0.509445 
29 14   0.54677 0.772973 
29 15   0.980407 0.833033 
29 16   0.352306 0.39143 
29 17   0.816614 0.366863 
29 18   0.430555 0.385388 
29 19   0.822382 0.0390637 
29 20   0.766869 0.318186 
29 21   0.325846 0.123508 
29 22   0.708975 0.265023 
29 23   0.511765 0.853175 
29 24   0.486618 0.488784 
29 25   0.503464 0.158391 
29 26   0.856014 0.240669 
29 27   0.569933 0.53032 
29 28   0.869381 0.686117 
29 29   0.457778 0.00881985 
0 0   39.0246 15.625 
0 1   39.4975 16.1131 
0 2   39.4996 16.1128 
0 3   39.4978 16.1062 
0 4   40.0176 16.4057 
0 5   40.064 16.5 
0 6   45.0585 25.0424 
0 7   45.012 25.3871 
0 8   50.9334 30.0619 
0 9   58.472 39.9346 
0 10   57.749 42.4241 
0 11   57.7389 42.5458 
0 12   52.4637 44.9654 
0 13   52.0198 45.0742 
0 14   52.02 45.0746 
0 15   51.7381 45.3569 
0 16   51.6615 45.5833 
0 17   51.6645 45.5927 
0 18   46.136 49.9872 
0 19   44.5407 51.7234 
0 20   44.2658 51.8794 
0 21   44.2396 52.0009 
0 22   44.2397 52.0024 
0 23   44.5651 52.8006 
0 24   42.5367 59.6581 
0 25   42.5367 59.6581 
0 26   42.5288 59.6637 
0 27   42.5287 59.6638 
0 28   42.5246 59.6659 
0 29   41.4501 61.5552 
1 0   39.0221 15.6213 
1 1   39.4997 16.1098 
1 2   39.7497 16.3301 
1 3   39.7509 16.3304 
1 4   40.0103 16.4798 
1 5   40.0263 16.5567 
1 6   44.9079 25.2694 
1 7   44.9367 25.5007 
1 8   50.632 30.516 
1 9   57.5117 41.0635 
1 10   57.4468 41.6706 
1 11   57.446 41.6783 
1 12   52.1712 44.0401 
1 13   51.8791 45.0697 
1 14   46.6729 47.5969 
1 15   46.5933 47.6366 
1 16   46.5955 47.7364 
1 17   46.5963 47.7387 
1 18   43.8167 49.9958 
1 19   43.0114 50.8939 
1 20   42.8662 51.0018 
1 21   42.8531 51.0626 
1 22   42.8531 51.0633 
1 23   43.0157 51.4624 
1 24   42.3045 58.165 
1 25   42.5366 59.6581 
1 26   42.5286 59.6637 
1 27   42.5286 59.6637 
1 28   42.5243 59.6656 
1 29   41.4487 61.5539 
2 0   39.0273 15.6266 
2 1   39.4952 16.1115 
2 2   39.7497 16.3303 
2 3   40.7987 19.827 
2 4   40.9284 19.9006 
2 5   40.9364 19.939 
2 6   44.8858 29.8941 
2 7   44.9002 30.0097 
2 8   47.7478 32.5173 
2 9   51.1877 37.7911 
2 10   51.1544 38.0987 
2 11   51.1542 38.1006 
2 12   48.5168 39.2806 
2 13   48.3707 39.7954 
2 14   46.6722 47.5981 
2 15   46.5924 47.6358 
2 16   46.5882 47.7301 
2 17   46.5886 47.7313 
2 18   43.8128 49.9921 
2 19   43.0094 50.892 
2 20   42.8643 50.9999 
2 21   41.9769 51.206 
2 22   41.9769 51.2063 
2 23   41.8388 51.4188 
2 24   41.9972 57.9225 
2 25   41.922 59.173 
2 26   41.921 59.1737 
2 27   41.921 59.1737 
2 28   41.9205 59.174 
2 29   40.2588 60.3476 
3 0   39.0255 15.6174 
3 1   39.4989 16.1124 
3 2   39.7507 16.3335 
3 3   40.7987 19.8262 
3 4   40.9285 19.9006 
3 5   40.9365 19.9392 
3 6   44.7619 29.9158 
3 7   44.8382 30.0206 
3 8   47.5001 32.5609 
3 9   50.7664 37.8144 
3 10   50.7498 37.9678 
3 11   50.7497 37.9687 
3 12   48.1123 39.1482 
3 13   48.0392 39.4056 
3 14   46.3407 47.2083 
3 15   46.3008 47.2272 
3 16   44.4403 48.0602 
3 17   44.5853 48.2886 
3 18   43.378 50.1115 
3 19   42.662 50.9436 
3 20   42.6557 50.9981 
3 21   41.8767 51.1816 
3 22   41.8767 51.1817 
3 23   41.7386 51.3941 
3 24   41.9949 57.9175 
3 25   41.9175 59.1631 
3 26   41.9172 59.1632 
3 27   41.9178 59.1705 
3 28   41.9175 59.1706 
3 29   40.2467 60.3341 
4 0   39.0239 15.6141 
4 1   39.4972 16.1122 
4 2   39.7521 16.3334 
4 3   40.7984 19.8271 
4 4   40.9284 19.9006 
4 5   40.9365 19.9392 
4 6   44.7616 29.9216 
4 7   44.8176 30.0353 
4 8   47.4177 32.62 
4 9   47.2673 38.4143 
4 10   46.5764 38.2938 
4 11   46.5764 38.2938 
4 12   45.5526 39.0967 
4 13   45.549 39.147 
4 14   43.8504 46.9497 
4 15   43.8411 46.9526 
4 16   43.2624 47.4794 
4 17   43.2918 47.5244 
4 18   43.0463 49.6661 
4 19   42.5947 50.7276 
4 20   42.6474 50.9727 
4 21   41.8696 51.1754 
4 22   41.8696 51.1754 
4 23   41.7315 51.3878 
4 24   41.9944 57.9171 
4 25   41.9166 59.1623 
4 26   41.9171 59.1632 
4 27   41.9176 59.1705 
4 28   41.9174 59.1705 
4 29   40.2465 60.3338 
5 0   39.5245 18.7756 
5 1   39.6442 18.8977 
5 2   39.7078 18.9536 
5 3   40.777 21.1373 
5 4   40.8095 21.1557 
5 5   40.8115 21.1654 
5 6   43.8564 31.2721 
5 7   43.8845 31.3289 
5 8   45.1845 32.6212 
5 9   44.5972 35.5058 
5 10   44.4274 35.4753 
5 11   45.9034 38.3281 
5 12   45.3521 39.0855 
5 13   45.3503 39.1106 
5 14   43.6518 46.9134 
5 15   42.0563 46.9106 
5 16   41.8154 47.1831 
5 17   41.8226 47.194 
5 18   42.3731 49.4228 
5 19   41.6254 50.6204 
5 20   41.6371 50.6834 
5 21   41.364 51.0192 
5 22   41.364 51.0192 
5 23   41.3294 51.0723 
5 24   41.9305 57.8187 
5 25   41.7887 58.9654 
5 26   41.8021 59.0115 
5 27   41.8018 59.0147 
5 28   41.8018 59.0147 
5 29   40.0178 60.008 
6 0   39.351 19.3429 
6 1   39.5472 19.5364 
6 2   39.5999 19.5669 
6 3   40.7232 21.4442 
6 4   40.7143 21.4983 
6 5   40.7156 21.5005 
6 6   43.5174 33.3294 
6 7   43.9051 33.58 
6 8   45.1638 35.0033 
6 9   44.2181 35.2768 
6 10   44.16 35.2819 
6 11   45.3689 37.9416 
6 12   45.1265 38.8552 
6 13   45.1247 38.8804 
6 14   43.4262 46.6831 
6 15   41.995 46.8789 
6 16   41.7848 47.1676 
6 17   41.796 47.1869 
6 18   42.3699 49.4202 
6 19   41.625 50.6201 
6 20   41.6359 50.6832 
6 21   41.3639 51.0192 
6 22   41.3566 51.0149 
6 23   41.3221 51.068 
6 24   41.1791 52.4035 
6 25   40.8916 54.6829 
6 26   40.9104 54.7471 
6 27   40.9058 54.7573 
6 28   40.9058 54.7573 
6 29   37.291 56.7024 
7 0   39.3515 19.344 
7 1   39.5475 19.537 
7 2   39.5997 19.567 
7 3   40.981 22.3356 
7 4   40.9721 22.3608 
7 5   40.9742 22.3633 
7 6   43.5645 33.8322 
7 7   43.7582 33.9577 
7 8   44.3694 34.672 
7 9   43.9284 34.8041 
7 10   43.9016 34.8063 
7 11   44.5038 36.1364 
7 12   44.3824 36.5932 
7 13   44.3815 36.6058 
7 14   43.4167 46.6842 
7 15   41.9936 46.8778 
7 16   41.784 47.1666 
7 17   41.795 47.1858 
7 18   41.7651 47.3553 
7 19   38.0742 50.3473 
7 20   38.0839 50.4098 
7 21   37.8122 50.7459 
7 22   37.8054 50.742 
7 23   37.7708 50.795 
7 24   37.4192 50.9622 
7 25   36.1689 51.3929 
7 26   36.1863 51.4563 
7 27   36.1792 51.4651 
7 28   36.1792 51.4651 
7 29   36.1545 51.4787 
8 0   39.3482 19.3435 
8 1   39.5586 19.5655 
8 2   39.5851 19.5807 
8 3   40.9773 22.3391 
8 4   40.9687 22.3618 
8 5   40.9705 22.3634 
8 6   43.553 33.83 
8 7   43.7336 33.9475 
8 8   44.3201 34.6516 
8 9   43.9148 34.7981 
8 10   43.8947 34.8032 
8 11   44.4899 36.1301 
8 12   44.3824 36.5932 
8 13   44.3815 36.6058 
8 14   43.4166 46.6842 
8 15   41.9936 46.8778 
8 16   41.7839 47.1666 
8 17   41.7946 47.1857 
8 18   41.7645 47.355 
8 19   38.1115 49.7545 
8 20   38.1309 49.8794 
8 21   37.8307 50.4831 
8 22   37.8171 50.4753 
8 23   37.7481 50.5815 
8 24   37.3601 50.8997 
8 25   36.0508 51.2679 
8 26   36.0845 51.3782 
8 27   36.0678 51.3628 
8 28   36.0678 51.3628 
8 29   36.0138 51.3238 
9 0   39.3515 19.3441 
9 1   39.559 19.5655 
9 2   39.585 19.5807 
9 3   40.9772 22.3391 
9 4   40.9687 22.3618 
9 5   40.9704 22.3634 
9 6   43.553 33.83 
9 7   43.7336 33.9475 
9 8   43.0007 36.5498 
9 9   42.798 36.6231 
9 10   42.788 36.6256 
9 11   43.0856 37.2891 
9 12   43.0318 37.5207 
9 13   43.0313 37.5269 
9 14   42.3923 42.594 
9 15   41.6181 42.6939 
9 16   41.5971 42.7645 
9 17   41.5904 42.7662 
9 18   41.5902 42.7663 
9 19   38.0272 49.6778 
9 20   37.9523 49.6827 
9 21   37.7467 50.3821 
9 22   37.7467 50.384 
9 23   37.6776 50.4902 
9 24   37.3446 50.8779 
9 25   36.0164 51.2351 
9 26   36.0166 51.3142 
9 27   35.9969 51.2972 
9 28   35.9969 51.2972 
9 29   35.9969 51.2972 
10 0   40.4586 29.4001 
10 1   40.9761 30.0759 
10 2   41.1864 30.1977 
10 3   43.3362 33.344 
10 4   43.328 33.4549 
10 5   43.3155 33.4751 
10 6   43.4635 33.8186 
10 7   43.5548 33.9247 
10 8   42.8219 36.5271 
10 9   42.592 36.6141 
10 10   42.587 36.6154 
10 11   42.6572 37.2776 
10 12   42.6589 37.2784 
10 13   42.6587 37.28 
10 14   41.7097 42.1088 
10 15   41.3468 42.2916 
10 16   41.3289 42.3791 
10 17   41.3254 42.3799 
10 18   41.3252 42.3799 
10 19   37.8972 49.4834 
10 20   37.757 49.6421 
10 21   37.6493 50.3618 
10 22   37.6397 50.366 
10 23   37.6776 50.4901 
10 24   37.3446 50.8779 
10 25   36.0164 51.235 
10 26   36.0166 51.3142 
10 27   35.9966 51.297 
10 28   35.9966 51.297 
10 29   35.9966 51.297 
11 0   39.7689 29.0897 
11 1   40.3317 29.5333 
11 2   40.4852 29.6108 
11 3   43.1612 33.1973 
11 4   43.2402 33.3813 
11 5   43.2398 33.3935 
11 6   43.4634 33.8186 
11 7   43.5544 33.9247 
11 8   42.8215 36.527 
11 9   42.592 36.6141 
11 10   42.587 36.6154 
11 11   42.6572 37.2776 
11 12   42.6588 37.2784 
11 13   42.658 37.2789 
11 14   41.7089 42.1077 
11 15   41.3466 42.2915 
11 16   41.3288 42.379 
11 17   41.3251 42.3796 
11 18   41.3247 42.3796 
11 19   37.8971 49.4833 
11 20   37.7556 49.6418 
11 21   37.442 50.4659 
11 22   37.4372 50.468 
11 23   37.4563 50.5301 
11 24   37.2895 50.8877 
11 25   35.9077 51.2493 
11 26   35.907 51.2886 
11 27   35.8953 51.2787 
11 28   35.8953 51.2787 
11 29   35.8953 51.2787 
12 0   39.7747 29.1001 
12 1   40.2911 29.5709 
12 2   40.2923 29.5714 
12 3   43.113 33.1876 
12 4   43.2162 33.3765 
12 5   43.2211 33.3845 
12 6   43.3997 33.7879 
12 7   43.4317 33.862 
12 8   42.6989 36.4644 
12 9   42.5643 36.5959 
12 10   42.5624 36.5965 
12 11   42.6216 37.2352 
12 12   42.6564 37.2787 
12 13   42.6563 37.2787 
12 14   41.8405 39.9289 
12 15   41.1189 40.2968 
12 16   41.0832 40.4718 
12 17   41.0751 40.473 
12 18   41.0731 40.4729 
12 19   37.1244 48.4351 
12 20   36.8417 48.752 
12 21   36.2144 50.4003 
12 22   36.2048 50.4045 
12 23   36.2431 50.5287 
12 24   35.9094 51.2439 
12 25   35.9077 51.2493 
12 26   35.907 51.2886 
12 27   35.8952 51.2787 
12 28   35.8952 51.2787 
12 29   35.8952 51.2787 
13 0   39.7735 29.0972 
13 1   40.2411 30.1822 
13 2   40.2408 30.1819 
13 3   41.328 32.1657 
13 4   41.4356 32.3527 
13 5   41.4409 32.3589 
13 6   41.6022 32.7546 
13 7   41.6099 32.8191 
13 8   41.7354 36.059 
13 9   41.6864 36.4675 
13 10   41.6854 36.4678 
13 11   41.6544 37.5016 
13 12   42.0213 38.0631 
13 13   42.0212 38.0631 
13 14   41.8405 39.9288 
13 15   41.1189 40.2968 
13 16   41.0832 40.4718 
13 17   41.0751 40.473 
13 18   41.073 40.4729 
13 19   37.1244 48.4351 
13 20   36.8417 48.752 
13 21   35.9985 49.1788 
13 22   35.9793 49.1871 
13 23   35.9793 49.1871 
13 24   35.4276 50.3031 
13 25   35.4141 50.3463 
13 26   35.3645 50.406 
13 27   35.2701 50.3264 
13 28   35.2701 50.3264 
13 29   35.2701 50.3264 
14 0   39.7733 29.1004 
14 1   40.2412 30.182 
14 2   40.2405 30.1818 
14 3   41.3279 32.1657 
14 4   41.4356 32.3526 
14 5   41.4393 32.3581 
14 6   41.5964 32.7522 
14 7   41.6045 32.818 
14 8   41.7301 36.058 
14 9   41.6855 36.4674 
14 10   41.685 36.4678 
14 11   41.654 37.5016 
14 12   42.0198 38.0638 
14 13   41.6007 38.0725 
14 14   41.0434 39.8979 
14 15   40.6882 40.0808 
14 16   40.6539 40.1019 
14 17   40.6536 40.1018 
14 18   40.6524 40.1017 
14 19   36.9451 48.2762 
14 20   36.6007 48.3886 
14 21   36.198 48.6366 
14 22   36.1884 48.6407 
14 23   36.1884 48.6407 
14 24   35.4087 50.2688 
14 25   35.3664 50.3022 
14 26   35.2485 50.3198 
14 27   35.2479 50.3211 
14 28   35.2479 50.3211 
14 29   35.2479 50.3211 
15 0   39.7721 29.0909 
15 1   40.2411 30.1817 
15 2   40.2407 30.1814 
15 3   41.3279 32.1658 
15 4   41.4356 32.3527 
15 5   41.4393 32.3581 
15 6   41.593 32.7496 
15 7   41.5957 32.815 
15 8   41.7218 36.0553 
15 9   41.6755 36.4159 
15 10   41.6756 36.416 
15 11   41.6343 37.4057 
15 12   42.0206 37.9519 
15 13   41.6011 38.0166 
15 14   40.959 39.8355 
15 15   40.6046 40.0187 
15 16   40.5283 40.0589 
15 17   40.5269 40.0587 
15 18   40.5269 40.0588 
15 19   36.8735 48.2631 
15 20   36.5874 48.39 
15 21   36.198 48.6366 
15 22   36.1884 48.6407 
15 23   36.1884 48.6407 
15 24   35.4049 50.2673 
15 25   35.3514 50.296 
15 26   35.1869 50.291 
15 27   35.1856 50.2892 
15 28   35.1856 50.2892 
15 29   35.1856 50.2892 
16 0   37.0556 26.8867 
16 1   39.2237 29.8148 
16 2   39.2262 29.8169 
16 3   40.7948 31.9957 
16 4   41.2256 32.7426 
16 5   41.2402 32.7647 
16 6   41.4508 33.0651 
16 7   41.4559 33.196 
16 8   41.7352 36.6696 
16 9   41.5307 37.4314 
16 10   41.5307 37.4314 
16 11   41.533 37.4375 
16 12   41.7351 37.926 
16 13   41.4584 38.0037 
16 14   40.8512 39.8188 
16 15   40.455 39.841 
16 16   40.3442 39.8665 
16 17   40.3425 39.8663 
16 18   40.3425 39.8663 
16 19   37.4348 46.2198 
16 20   36.8271 46.4535 
16 21   36.1319 47.0124 
16 22   36.0936 47.029 
16 23   36.0936 47.029 
16 24   35.1698 49.6792 
16 25   34.9446 49.7891 
16 26   34.7942 49.7616 
16 27   34.7906 49.7569 
16 28   34.7906 49.7568 
16 29   34.7887 49.7532 
17 0   17.6167 12.4281 
17 1   36.2502 29.2293 
17 2   36.2244 29.2739 
17 3   39.7819 32.183 
17 4   39.7905 32.1857 
17 5   40.1973 32.5686 
17 6   41.0339 34.0259 
17 7   41.3143 34.2826 
17 8   41.4975 36.3654 
17 9   41.328 37.346 
17 10   41.3283 37.3464 
17 11   41.3335 37.3585 
17 12   41.3527 37.8401 
17 13   41.2672 37.9609 
17 14   40.4602 39.8396 
17 15   40.455 39.841 
17 16   40.3442 39.8665 
17 17   40.3425 39.8663 
17 18   40.3425 39.8663 
17 19   37.4348 46.2198 
17 20   36.8271 46.4535 
17 21   36.1319 47.0124 
17 22   36.0756 47.0059 
17 23   36.0756 47.0059 
17 24   35.1481 49.663 
17 25   34.8579 49.7244 
17 26   34.5571 49.6694 
17 27   34.5497 49.6599 
17 28   34.5498 49.6601 
17 29   34.546 49.6525 
18 0   23.3132 19.6122 
18 1   32.4368 27.9082 
18 2   32.4153 27.9129 
18 3   32.8726 28.398 
18 4   32.872 28.3873 
18 5   33.9564 31.4444 
18 6   34.2011 32.0135 
18 7   34.4341 32.2331 
18 8   38.0576 35.3408 
18 9   39.3725 37.3354 
18 10   39.3724 37.3354 
18 11   39.3798 37.349 
18 12   39.3889 37.8248 
18 13   39.3105 37.9503 
18 14   39.3043 38.0586 
18 15   39.3037 38.0597 
18 16   40.3425 39.8663 
18 17   40.3425 39.8663 
18 18   40.3425 39.8663 
18 19   38.9972 41.5007 
18 20   37.7789 41.9622 
18 21   36.3908 43.0845 
18 22   36.2773 43.0701 
18 23   36.2773 43.0701 
18 24   34.8172 44.7369 
18 25   33.2161 44.5302 
18 26   30.6773 44.0532 
18 27   30.5713 43.9264 
18 28   30.5726 43.9271 
18 29   30.5154 43.8084 
19 0   23.2171 19.5885 
19 1   30.9387 26.762 
19 2   30.9849 26.7425 
19 3   32.1499 27.8366 
19 4   32.1447 27.8075 
19 5   33.7773 31.3014 
19 6   33.8312 31.7277 
19 7   34.2993 32.1657 
19 8   37.9907 35.3068 
19 9   39.3653 37.3335 
19 10   39.3654 37.3335 
19 11   39.3763 37.348 
19 12   39.3888 37.8248 
19 13   39.3095 37.949 
19 14   39.3041 38.0584 
19 15   38.5052 38.6607 
19 16   39.0246 39.5639 
19 17   39.0246 39.5639 
19 18   39.0246 39.5639 
19 19   36.3647 40.7879 
19 20   35.7555 41.0187 
19 21   35.0615 41.5798 
19 22   35.0047 41.5726 
19 23   35.0047 41.5726 
19 24   34.2747 42.406 
19 25   33.4741 42.3027 
19 26   30.6767 44.0531 
19 27   30.5696 43.9278 
19 28   30.5709 43.926 
19 29   30.5111 43.8095 
20 0   23.2284 19.5675 
20 1   30.948 26.7717 
20 2   30.969 26.7637 
20 3   32.1341 27.8206 
20 4   32.1563 27.8082 
20 5   33.7736 31.304 
20 6   33.8358 31.7279 
20 7   34.3009 32.1688 
20 8   34.3018 32.1663 
20 9   37.0494 36.2188 
20 10   37.0495 36.219 
20 11   37.0713 36.2479 
20 12   37.086 37.1914 
20 13   36.9325 37.4449 
20 14   36.9158 37.477 
20 15   35.3209 38.7763 
20 16   36.2337 40.5051 
20 17   36.2337 40.5051 
20 18   36.2319 40.5046 
20 19   36.2319 40.5046 
20 20   35.452 40.579 
20 21   34.8533 41.4321 
20 22   34.4597 41.3684 
20 23   34.4598 41.3685 
20 24   32.3864 41.7767 
20 25   30.4176 41.4052 
20 26   26.5323 42.5825 
20 27   26.5294 42.5842 
20 28   26.5341 42.5789 
20 29   26.4041 42.3384 
21 0   23.2466 19.5044 
21 1   30.9685 26.7421 
21 2   30.939 26.7373 
21 3   32.1522 27.8319 
21 4   32.1413 27.8259 
21 5   33.3815 30.9612 
21 6   33.0408 31.0537 
21 7   33.988 31.9353 
21 8   33.985 31.932 
21 9   36.3721 34.7164 
21 10   36.3727 34.7167 
21 11   36.3726 34.7169 
21 12   35.5191 36.2916 
21 13   35.8009 37.0067 
21 14   35.7995 37.2622 
21 15   34.7309 38.68 
21 16   35.2831 40.2678 
21 17   35.2832 40.2679 
21 18   35.2546 40.2606 
21 19   35.2545 40.2606 
21 20   34.3395 40.1153 
21 21   34.347 41.3411 
21 22   34.3471 41.3408 
21 23   34.347 41.3411 
21 24   32.3299 41.7629 
21 25   30.3198 41.3736 
21 26   26.5327 42.5797 
21 27   26.531 42.5792 
21 28   26.5297 42.5847 
21 29   26.4101 42.3431 
22 0   14.4983 13.4602 
22 1   29.0922 25.8999 
22 2   29.1102 25.8569 
22 3   31.4639 28.0058 
22 4   31.5058 28.0213 
22 5   33.0618 31.0583 
22 6   33.0545 31.0564 
22 7   33.6747 31.6521 
22 8   33.6763 31.659 
22 9   36.3334 34.6826 
22 10   36.3341 34.6819 
22 11   36.3341 34.6814 
22 12   35.3669 36.1498 
22 13   35.7225 36.9362 
22 14   35.7536 37.2295 
22 15   34.7252 38.6761 
22 16   35.2716 40.26 
22 17   35.2715 40.2598 
22 18   35.2545 40.2606 
22 19   35.2545 40.2606 
22 20   34.2352 39.9596 
22 21   34.2345 39.9604 
22 22   34.2351 39.9655 
22 23   34.2332 39.958 
22 24   31.5065 39.6653 
22 25   27.2259 38.3339 
22 26   17.4787 33.3012 
22 27   17.4377 33.3173 
22 28   17.5049 33.3454 
22 29   14.6029 28.5697 
23 0   14.6297 13.4095 
23 1   24.2734 21.5495 
23 2   24.235 21.6575 
23 3   28.8677 25.9106 
23 4   28.8919 25.796 
23 5   31.7802 29.9737 
23 6   31.7707 29.9661 
23 7   31.7649 29.9888 
23 8   31.7605 29.9584 
23 9   35.9004 34.6659 
23 10   35.9005 34.6648 
23 11   35.9026 34.665 
23 12   35.0566 35.8492 
23 13   35.5682 36.79 
23 14   35.6642 37.1561 
23 15   34.7141 38.6669 
23 16   35.2493 40.2421 
23 17   35.2494 40.242 
23 18   35.2546 40.2606 
23 19   35.2545 40.2607 
23 20   34.2367 39.9627 
23 21   34.2346 39.9654 
23 22   34.2378 39.9635 
23 23   34.237 39.9621 
23 24   31.5084 39.6661 
23 25   27.2209 38.3273 
23 26   17.5074 33.2968 
23 27   17.4455 33.2745 
23 28   17.4849 33.2516 
23 29   14.6524 28.4532 
24 0   14.6984 13.4778 
24 1   14.6182 13.302 
24 2   14.407 13.3465 
24 3   14.3386 13.6863 
24 4   14.5767 13.6941 
24 5   24.5965 23.9032 
24 6   24.5994 23.7588 
24 7   24.6509 23.8466 
24 8   24.4779 23.8615 
24 9   34.3035 35.5102 
24 10   34.2845 35.5034 
24 11   34.2977 35.524 
24 12   34.2899 35.5118 
24 13   35.1783 36.6154 
24 14   35.5379 37.0029 
24 15   34.6974 38.6476 
24 16   35.2178 40.2027 
24 17   35.2171 40.204 
24 18   35.2387 40.2415 
24 19   35.2385 40.2412 
24 20   33.9837 39.6625 
24 21   33.9824 39.6526 
24 22   33.983 39.6606 
24 23   33.9798 39.6552 
24 24   31.3811 39.5159 
24 25   27.2233 38.3262 
24 26   17.5172 33.2663 
24 27   17.4565 33.335 
24 28   17.5033 33.2961 
24 29   14.6066 28.5838 
25 0   14.342 13.6184 
25 1   14.4133 13.3092 
25 2   14.4081 13.7499 
25 3   14.6562 13.5645 
25 4   14.683 13.679 
25 5   24.6053 23.7145 
25 6   24.6324 23.8698 
25 7   24.5515 23.7342 
25 8   24.5134 23.7153 
25 9   33.2243 34.3664 
25 10   33.1806 34.3692 
25 11   33.1902 34.3827 
25 12   33.2154 34.3823 
25 13   33.2317 34.3563 
25 14   33.2033 34.353 
25 15   33.8975 37.7782 
25 16   33.6208 38.4738 
25 17   33.6158 38.4747 
25 18   33.9659 39.0709 
25 19   33.9575 39.0672 
25 20   26.6545 34.1383 
25 21   26.6564 34.0907 
25 22   26.6725 34.0451 
25 23   26.7101 34.1143 
25 24   26.621 37.7081 
25 25   26.6349 37.7165 
25 26   17.4635 33.3315 
25 27   17.5179 33.3685 
25 28   17.5108 33.2786 
25 29   14.7009 28.4058 
26 0   14.4302 13.4976 
26 1   14.7473 13.4376 
26 2   14.6906 13.6462 
26 3   14.8051 13.7312 
26 4   14.3915 13.3916 
26 5   24.6508 23.84 
26 6   24.4675 23.84 
26 7   24.5742 23.8458 
26 8   24.5725 23.7205 
26 9   31.0476 31.9064 
26 10   31.0415 32.0113 
26 11   31.1126 31.9037 
26 12   31.1226 31.9142 
26 13   31.1062 31.9121 
26 14   31.133 31.962 
26 15   33.268 37.1454 
26 16   32.3359 37.206 
26 17   32.3428 37.2069 
26 18   33.0246 38.4028 
26 19   33.0354 38.4056 
26 20   26.7701 34.0363 
26 21   26.7501 34.1246 
26 22   26.7004 34.1028 
26 23   26.7095 34.0746 
26 24   26.7386 34.0736 
26 25   26.7713 34.0603 
26 26   11.4589 19.711 
26 27   11.4258 19.9249 
26 28   11.7834 20.0253 
26 29   0.432173 0.313059 
27 0   14.3984 13.5006 
27 1   14.7696 13.6843 
27 2   14.5997 13.482 
27 3   14.363 13.4119 
27 4   14.4784 13.5333 
27 5   24.606 23.8378 
27 6   24.6878 23.713 
27 7   24.515 23.7346 
27 8   24.6317 23.8978 
27 9   17.6333 17.5374 
27 10   17.3234 17.4866 
27 11   17.6532 17.3362 
27 12   17.44 17.5443 
27 13   17.7254 17.2516 
27 14   17.6706 17.4643 
27 15   25.53 28.5979 
27 16   16.9188 20.2279 
27 17   17.1292 20.1237 
27 18   17.2966 20.3112 
27 19   17.2537 20.1595 
27 20   17.2047 20.4203 
27 21   17.1427 20.1117 
27 22   16.941 20.4601 
27 23   16.9442 20.3489 
27 24   17.1391 20.4803 
27 25   17.2328 20.2016 
27 26   0.69863 0.325144 
27 27   0.743217 0.962767 
27 28   0.0252083 0.119144 
27 29   0.536241 0.500656 
28 0   14.6449 13.2995 
28 1   14.3391 13.5574 
28 2   14.7027 13.3288 
28 3   14.6579 13.712 
28 4   14.7645 13.331 
28 5   24.5211 23.9218 
28 6   24.5912 23.7765 
28 7   24.6799 23.8566 
28 8   24.6055 23.7745 
28 9   17.5723 17.2454 
28 10   17.5241 17.4638 
28 11   17.3837 17.4252 
28 12   17.6436 17.4603 
28 13   17.3674 17.4551 
28 14   17.3493 17.4081 
28 15   25.7372 28.6441 
28 16   17.2883 20.3561 
28 17   17.1576 20.0825 
28 18   17.2752 20.4785 
28 19   16.8965 20.2648 
28 20   17.3098 20.2478 
28 21   17.1739 20.4834 
28 22   17.123 20.3414 
28 23   16.9647 20.4213 
28 24   17.053 20.5247 
28 25   17.1602 20.1356 
28 26   0.126865 0.152043 
28 27   0.736167 0.0276498 
28 28   0.310953 0.926084 
28 29   0.21128 0.962859 
29 0   0.361217 0.409131 
29 1   0.787774 0.789819 
29 2   0.755119 0.343181 
29 3   0.151036 0.748131 
29 4   0.281594 0.52504 
29 5   0.729911 0.0169378 
29 6   0.435987 0.357006 
29 7   0.653432 0.328318 
29 8   0.939207 0.522843 
29 9   0.833033 0.705344 
29 10   0.382366 0.788476 
29 11   0.169469 0.325632 
29 12   0.99649 0.927671 
29 13   0.885067 0.509445 
29 14   0.54677 0.772973 
29 15   17.3563 20.4541 
29 16   17.0423 20.2333 
29 17   17.2744 20.221 
29 18   17.0814 20.2303 
29 19   17.2773 20.0571 
29 20   17.2495 20.1967 
29 21   17.029 20.0993 
29 22   17.2206 20.1701 
29 23   17.122 20.4642 
29 24   17.1094 20.282 
29 25   17.1178 20.1168 
29 26   0.856014 0.240669 
29 27   0.569933 0.53032 
29 28   0.869381 0.686117 
29 29   0.457778 0.00881985 
