0 0   0.563585 0.808741 
0 1   0.479873 0.895962 
0 2   0.746605 0.858943 
0 3   0.513535 0.0149846 
0 4   0.364452 0.165899 
0 5   0.445692 0.00466933 
0 6   0.37788 0.571184 
0 7   0.607166 0.663045 
0 8   0.352123 0.607685 
0 9   0.802606 0.30195 
0 10   0.726676 0.925718 
0 11   0.142338 0.235328 
0 12   0.209601 0.843654 
0 13   0.999695 0.392438 
0 14   0.297281 0.0237434 
0 15   0.0926237 0.0562151 
0 16   0.91879 0.272897 
0 17   0.691183 0.726493 
0 18   0.205359 0.468459 
0 19   0.949156 0.10828 
0 20   0.385235 0.608966 
0 21   0.361339 0.225105 
0 22   0.802881 0.98999 
0 23   0.345561 0.657308 
0 24   0.0635395 0.504807 
0 25   0.949583 0.905118 
0 26   0.303049 0.0703757 
0 27   0.683187 0.877255 
0 28   0.582049 0.177892 
0 29   0.475265 0.503922 
1 0   0.405591 0.568743 
1 1   0.755852 0.475295 
1 2   0.367809 0.0350963 
1 3   0.662984 0.104678 
1 4   0.921384 0.345988 
1 5   0.374981 0.316874 
1 6   0.271889 0.2978 
1 7   0.567278 0.761315 
1 8   0.397656 0.890164 
1 9   0.994629 0.0505081 
1 10   0.194067 0.626759 
1 11   0.197851 0.123325 
1 12   0.743126 0.941069 
1 13   0.336314 0.733085 
1 14   0.707999 0.747215 
1 15   0.144475 0.0610065 
1 16   0.852626 0.115604 
1 17   0.0142521 0.454512 
1 18   0.686148 0.0738853 
1 19   0.201941 0.290353 
1 20   0.232429 0.532579 
1 21   0.160192 0.963042 
1 22   0.924802 0.335948 
1 23   0.995178 0.998016 
1 24   0.625172 0.437727 
1 25   0.0484329 0.290017 
1 26   0.769066 0.201971 
1 27   0.604144 0.466353 
1 28   0.634724 0.828791 
1 29   0.720908 0.375134 
2 0   0.737907 0.905087 
2 1   0.18894 0.698508 
2 2   0.351299 0.0803858 
2 3   0.612049 0.691122 
2 4   0.149113 0.867733 
2 5   0.614704 0.0432142 
2 6   0.976531 0.569201 
2 7   0.173925 0.869045 
2 8   0.744316 0.326914 
2 9   0.0766015 0.820002 
2 10   0.448256 0.298746 
2 11   0.501205 0.323038 
2 12   0.313883 0.959075 
2 13   0.725028 0.943999 
2 14   0.0657369 0.524583 
2 15   0.956114 0.875637 
2 16   0.322123 0.505051 
2 17   0.290292 0.551164 
2 18   0.114536 0.379131 
2 19   0.793359 0.382366 
2 20   0.532151 0.395184 
2 21   0.707877 0.623066 
2 22   0.491501 0.496902 
2 23   0.785363 0.357097 
2 24   0.630848 0.374248 
2 25   0.743278 0.611988 
2 26   0.329844 0.63921 
2 27   0.847072 0.596881 
2 28   0.853969 0.126469 
2 29   0.617145 0.0659505 
3 0   0.624104 0.319407 
3 1   0.661 0.806879 
3 2   0.611103 0.900601 
3 3   0.630177 0.2537 
3 4   0.85519 0.427808 
3 5   0.302286 0.225562 
3 6   0.11063 0.134709 
3 7   0.78811 0.789636 
3 8   0.615223 0.856655 
3 9   0.863582 0.24955 
3 10   0.984832 0.0814234 
3 11   0.426801 0.258797 
3 12   0.232765 0.125095 
3 13   0.0801111 0.0587176 
3 14   0.914701 0.432783 
3 15   0.837184 0.842097 
3 16   0.397687 0.00433363 
3 17   0.954802 0.241096 
3 18   0.255135 0.94528 
3 19   0.890225 0.940977 
3 20   0.786157 0.14243 
3 21   0.383007 0.41792 
3 22   0.659932 0.0648518 
3 23   0.662069 0.802698 
3 24   0.685629 0.689505 
3 25   0.777734 0.868679 
3 26   0.706565 0.551988 
3 27   0.0587786 0.145177 
3 28   0.619984 0.922483 
3 29   0.69454 0.155919 
4 0   0.521439 0.106418 
4 1   0.441725 0.782098 
4 2   0.974395 0.870388 
4 3   0.456618 0.750633 
4 4   0.404706 0.992615 
4 5   0.252083 0.247688 
4 6   0.620319 0.939085 
4 7   0.779656 0.656758 
4 8   0.455458 0.664174 
4 9   0.636341 0.42204 
4 10   0.540574 0.536454 
4 11   0.396954 0.0366222 
4 12   0.196509 0.389416 
4 13   0.070925 0.155889 
4 14   0.454329 0.697348 
4 15   0.684469 0.835719 
4 16   0.199591 0.876003 
4 17   0.987457 0.895718 
4 18   0.442061 0.708518 
4 19   0.285562 0.407636 
4 20   0.710196 0.896054 
4 21   0.397412 0.308603 
4 22   0.570574 0.733695 
4 23   0.736381 0.139317 
4 24   0.272591 0.91113 
4 25   0.517655 0.907437 
4 26   0.51796 0.43852 
4 27   0.0904263 0.0757775 
4 28   0.355083 0.697287 
4 29   0.394848 0.675741 
5 0   0.198706 0.615711 
5 1   0.543992 0.545366 
5 2   0.974578 0.96997 
5 3   0.530961 0.692801 
5 4   0.388623 0.809778 
5 5   0.0608234 0.784478 
5 6   0.321909 0.00915555 
5 7   0.507859 0.758538 
5 8   0.349803 0.94232 
5 9   0.997284 0.562853 
5 10   0.386761 0.284219 
5 11   0.612568 0.0186163 
5 12   0.455702 0.936766 
5 13   0.727287 0.808374 
5 14   0.582598 0.0790124 
5 15   0.462203 0.589434 
5 16   0.816065 0.343577 
5 17   0.267312 0.232093 
5 18   0.371746 0.116855 
5 19   0.628925 0.18302 
5 20   0.902005 0.965209 
5 21   0.901547 0.953398 
5 22   0.890347 0.185461 
5 23   0.264992 0.7322 
5 24   0.170934 0.480941 
5 25   0.806543 0.124638 
5 26   0.573321 0.762047 
5 27   0.727775 0.0153508 
5 28   0.691641 0.0721152 
5 29   0.676626 0.556658 
6 0   0.779504 0.638234 
6 1   0.204596 0.281747 
6 2   0.769219 0.046968 
6 3   0.348582 0.343242 
6 4   0.416517 0.545183 
6 5   0.337992 0.876247 
6 6   0.570025 0.465773 
6 7   0.426801 0.486587 
6 8   0.565813 0.778466 
6 9   0.850551 0.864376 
6 10   0.746849 0.765618 
6 11   0.908322 0.521958 
6 12   0.107639 0.823054 
6 13   0.169836 0.65746 
6 14   0.0637226 0.385662 
6 15   0.807611 0.142857 
6 16   0.346141 0.978423 
6 17   0.0536515 0.637471 
6 18   0.0210578 0.391949 
6 19   0.781884 0.826044 
6 20   0.634266 0.983489 
6 21   0.214789 0.782159 
6 22   0.480605 0.102512 
6 23   0.755821 0.456404 
6 24   0.998749 0.641652 
6 25   0.946104 0.289804 
6 26   0.290384 0.712363 
6 27   0.546678 0.952055 
6 28   0.76516 0.445753 
6 29   0.745537 0.204627 
7 0   0.909818 0.918394 
7 1   0.489395 0.88934 
7 2   0.182928 0.203009 
7 3   0.94113 0.0413526 
7 4   0.0345164 0.544481 
7 5   0.0613727 0.12775 
7 6   0.0503555 0.660237 
7 7   0.315958 0.410535 
7 8   0.221625 0.166448 
7 9   0.507645 0.435072 
7 10   0.339488 0.128574 
7 11   0.733299 0.64333 
7 12   0.514481 0.737175 
7 13   0.465835 0.112186 
7 14   0.821223 0.108676 
7 15   0.761376 0.416669 
7 16   0.0677511 0.21128 
7 17   0.591113 0.618274 
7 18   0.690298 0.915647 
7 19   0.298502 0.378185 
7 20   0.772515 0.170568 
7 21   0.181219 0.195624 
7 22   0.190252 0.303995 
7 23   0.198157 0.771172 
7 24   0.881039 0.448622 
7 25   0.801538 0.494858 
7 26   0.238502 0.0927458 
7 27   0.893826 0.0596332 
7 28   0.632038 0.756066 
7 29   0.909909 0.199622 
8 0   0.0512406 0.790368 
8 1   0.0240486 0.553362 
8 2   0.875546 0.305429 
8 3   0.481887 0.651967 
8 4   0.768578 0.219733 
8 5   0.0575274 0.0326853 
8 6   0.697867 0.436262 
8 7   0.635548 0.476974 
8 8   0.0792871 0.143223 
8 9   0.917997 0.373821 
8 10   0.0466323 0.239998 
8 11   0.256508 0.208014 
8 12   0.846156 0.887692 
8 13   0.609272 0.173528 
8 14   0.355907 0.185064 
8 15   0.623035 0.911679 
8 16   0.730644 0.969329 
8 17   0.840205 0.374401 
8 18   0.170965 0.741813 
8 19   0.0308847 0.812708 
8 20   0.818171 0.718894 
8 21   0.649831 0.889676 
8 22   0.773492 0.00756859 
8 23   0.41847 0.919034 
8 24   0.242866 0.906522 
8 25   0.0321055 0.228248 
8 26   0.806391 0.331614 
8 27   0.991791 0.64687 
8 28   0.812799 0.366894 
8 29   0.561296 0.119785 
9 0   0.899014 0.940184 
9 1   0.84933 0.44557 
9 2   0.634754 0.624042 
9 3   0.01648 0.139622 
9 4   0.291971 0.561449 
9 5   0.607227 0.422712 
9 6   0.739463 0.516526 
9 7   0.00698874 0.333872 
9 8   0.462264 0.0505081 
9 9   0.0241707 0.969085 
9 10   0.706381 0.822352 
9 11   0.597217 0.844234 
9 12   0.748161 0.0144963 
9 13   0.626484 0.383618 
9 14   0.288827 0.883877 
9 15   0.931547 0.533128 
9 16   0.974242 0.437422 
9 17   0.332957 0.49855 
9 18   0.0390027 0.233039 
9 19   0.859523 0.608814 
9 20   0.0764489 0.305307 
9 21   0.0800501 0.30427 
9 22   0.93289 0.216224 
9 23   0.560717 0.250069 
9 24   0.727134 0.231086 
9 25   0.446791 0.574328 
9 26   0.995239 0.61919 
9 27   0.169836 0.231483 
9 28   0.959807 0.0796228 
9 29   0.279733 0.490555 
10 0   0.924711 0.292154 
10 1   0.401654 0.548357 
10 2   0.794427 0.592853 
10 3   0.318064 0.267922 
10 4   0.718772 0.774895 
10 5   0.175909 0.0416272 
10 6   0.8623 0.0144658 
10 7   0.818537 0.779656 
10 8   0.298746 0.921506 
10 9   0.242622 0.023011 
10 10   0.0308847 0.715323 
10 11   0.180425 0.182104 
10 12   0.134739 0.52562 
10 13   0.806726 0.899869 
10 14   0.0292367 0.818079 
10 15   0.570696 0.539933 
10 16   0.870754 0.94528 
10 17   0.153233 0.800256 
10 18   0.072512 0.822413 
10 19   0.548784 0.450941 
10 20   0.949461 0.72805 
10 21   0.272378 0.197943 
10 22   0.48735 0.229926 
10 23   0.691794 0.671133 
10 24   0.237526 0.235817 
10 25   0.484359 0.537492 
10 26   0.336528 0.169225 
10 27   0.219275 0.739677 
10 28   0.650441 0.270089 
10 29   0.0644246 0.859066 
11 0   0.0443739 0.0207831 
11 1   0.618519 0.604053 
11 2   0.777367 0.696738 
11 3   0.868007 0.423505 
11 4   0.021424 0.0421461 
11 5   0.269265 0.24485 
11 6   0.506455 0.0710166 
11 7   0.955535 0.337474 
11 8   0.289529 0.992706 
11 9   0.0689108 0.300913 
11 10   0.649617 0.262764 
11 11   0.217536 0.178259 
11 12   0.106906 0.758843 
11 13   0.0574053 0.694296 
11 14   0.567583 0.0812098 
11 15   0.999664 0.618854 
11 16   0.593127 0.978881 
11 17   0.0422987 0.255135 
11 18   0.794946 0.900052 
11 19   0.727561 0.0529496 
11 20   0.353984 0.668111 
11 21   0.22364 0.346965 
11 22   0.66512 0.282357 
11 23   0.531999 0.219977 
11 24   0.106723 0.843806 
11 25   0.819147 0.491348 
11 26   0.935331 0.605823 
11 27   0.873836 0.830103 
11 28   0.30488 0.150121 
11 29   0.689047 0.993194 
12 0   0.411603 0.687429 
12 1   0.169012 0.189001 
12 2   0.763298 0.48323 
12 3   0.961241 0.565477 
12 4   0.573901 0.408704 
12 5   0.413495 0.823359 
12 6   0.28312 0.61626 
12 7   0.656056 0.954497 
12 8   0.200873 0.340556 
12 9   0.808405 0.105258 
12 10   0.276864 0.824244 
12 11   0.311533 0.564684 
12 12   0.995117 0.36848 
12 13   0.384869 0.877743 
12 14   0.393384 0.50914 
12 15   0.608295 0.0836512 
12 16   0.207923 0.31727 
12 17   0.629139 0.0793176 
12 18   0.142827 0.824976 
12 19   0.994415 0.107334 
12 20   0.264595 0.57625 
12 21   0.107517 0.369427 
12 22   0.521714 0.302622 
12 23   0.310617 0.764733 
12 24   0.389111 0.724174 
12 25   0.0914029 0.753075 
12 26   0.637806 0.475021 
12 27   0.415296 0.34312 
12 28   0.229316 0.154271 
12 29   0.182287 0.205939 
13 0   0.335276 0.501907 
13 1   0.809259 0.912992 
13 2   0.481918 0.69924 
13 3   0.936705 0.299539 
13 4   0.819636 0.795068 
13 5   0.260964 0.952971 
13 6   0.517441 0.256172 
13 7   0.491256 0.825983 
13 8   0.282632 0.643269 
13 9   0.431532 0.974975 
13 10   0.00518815 0.411664 
13 11   0.187658 0.423139 
13 12   0.527421 0.837184 
13 13   0.499496 0.148991 
13 14   0.538377 0.066744 
13 15   0.197729 0.19953 
13 16   0.593493 0.294382 
13 17   0.786126 0.928434 
13 18   0.25898 0.0618915 
13 19   0.14832 0.359416 
13 20   0.381573 0.684561 
13 21   0.380108 0.674642 
13 22   0.482833 0.802057 
13 23   0.74633 0.827784 
13 24   0.278787 0.0541398 
13 25   0.762902 0.282388 
13 26   0.324564 0.881619 
13 27   0.403821 0.875271 
13 28   0.783654 0.451704 
13 29   0.433332 0.804559 
14 0   0.322672 0.709403 
14 1   0.86288 0.743217 
14 2   0.130833 0.55269 
14 3   0.533006 0.0771813 
14 4   0.0644551 0.133702 
14 5   0.820643 0.268715 
14 6   0.916532 0.284433 
14 7   0.470931 0.344646 
14 8   0.811121 0.0673238 
14 9   0.554399 0.509568 
14 10   0.723106 0.451308 
14 11   0.548845 0.884365 
14 12   0.122532 0.11243 
14 13   0.546464 0.369182 
14 14   0.744346 0.359661 
14 15   0.585925 0.632038 
14 16   0.482589 0.185705 
14 17   0.109256 0.221778 
14 18   0.410291 0.442732 
14 19   0.544053 0.806635 
14 20   0.923826 0.143223 
14 21   0.0102847 0.537248 
14 22   0.0123905 0.885708 
14 23   0.152593 0.535203 
14 24   0.65273 0.40556 
14 25   0.0970794 0.506119 
14 26   0.32841 0.250771 
14 27   0.533525 0.478072 
14 28   0.674581 0.582751 
14 29   0.9223 0.664724 
15 0   0.247383 0.102023 
15 1   0.826441 0.453749 
15 2   0.4185 0.0992157 
15 3   0.368633 0.520035 
15 4   0.394696 0.630604 
15 5   0.81341 0.0639363 
15 6   0.362377 0.818964 
15 7   0.273934 0.174718 
15 8   0.757103 0.279427 
15 9   0.544206 0.318613 
15 10   0.65804 0.670248 
15 11   0.056032 0.952239 
15 12   0.307627 0.368542 
15 13   0.961119 0.260811 
15 14   0.756035 0.271004 
15 15   0.337901 0.0215766 
15 16   0.630696 0.719871 
15 17   0.523942 0.591937 
15 18   0.0307932 0.553484 
15 19   0.572588 0.0226447 
15 20   0.546953 0.282235 
15 21   0.835231 0.296457 
15 22   0.405591 0.389386 
15 23   0.668203 0.690939 
15 24   0.738517 0.756584 
15 25   0.264931 0.267129 
15 26   0.977477 0.214911 
15 27   0.612903 0.48262 
15 28   0.373669 0.220618 
15 29   0.575701 0.929899 
16 0   0.642323 0.655751 
16 1   0.0999786 0.199591 
16 2   0.732139 0.754112 
16 3   0.547655 0.868862 
16 4   0.719901 0.151921 
16 5   0.152776 0.61449 
16 6   0.829981 0.0637226 
16 7   0.603626 0.451369 
16 8   0.578784 0.583056 
16 9   0.749748 0.095645 
16 10   0.0444655 0.108188 
16 11   0.433912 0.453017 
16 12   0.26133 0.893094 
16 13   0.449324 0.232063 
16 14   0.739372 0.723045 
16 15   0.621448 0.682485 
16 16   0.108798 0.715506 
16 17   0.0151067 0.458449 
16 18   0.889645 0.245827 
16 19   0.266671 0.606769 
16 20   0.386181 0.998169 
16 21   0.0408338 0.680258 
16 22   0.706626 0.141087 
16 23   0.612751 0.976012 
16 24   0.907407 0.628498 
16 25   0.575152 0.898618 
16 26   0.262947 0.625294 
16 27   0.670278 0.448531 
16 28   0.660115 0.0582293 
16 29   0.74691 0.835353 
17 0   0.117649 0.291787 
17 1   0.842494 0.215918 
17 2   0.430891 0.928739 
17 3   0.389996 0.55797 
17 4   0.941069 0.736045 
17 5   0.550188 0.627979 
17 6   0.430036 0.695669 
17 7   0.668386 0.10474 
17 8   0.139775 0.180273 
17 9   0.856777 0.817591 
17 10   0.916807 0.254189 
17 11   0.701132 0.109592 
17 12   0.481796 0.0988495 
17 13   0.093173 0.325968 
17 14   0.824152 0.563952 
17 15   0.187353 0.427198 
17 16   0.721427 0.842952 
17 17   0.482986 0.7275 
17 18   0.383953 0.273995 
17 19   0.0312204 0.757897 
17 20   0.224281 0.265725 
17 21   0.767266 0.254707 
17 22   0.751885 0.347911 
17 23   0.967132 0.272683 
17 24   0.592364 0.347362 
17 25   0.829768 0.423414 
17 26   0.632405 0.688681 
17 27   0.184271 0.23838 
17 28   0.288919 0.819941 
17 29   0.321726 0.657582 
18 0   0.903867 0.763665 
18 1   0.952269 0.642445 
18 2   0.263558 0.792474 
18 3   0.287027 0.914396 
18 4   0.243385 0.229835 
18 5   0.245491 0.817988 
18 6   0.577258 0.375958 
18 7   0.787103 0.309244 
18 8   0.752037 0.558489 
18 9   0.368603 0.0688803 
18 10   0.027253 0.308329 
18 11   0.525925 0.740715 
18 12   0.579546 0.660451 
18 13   0.581286 0.294748 
18 14   0.772179 0.579546 
18 15   0.475112 0.51561 
18 16   0.549577 0.510941 
18 17   0.723258 0.615802 
18 18   0.956969 0.0563677 
18 19   0.498825 0.973937 
18 20   0.784631 0.774712 
18 21   0.839381 0.998047 
18 22   0.337809 0.1077 
18 23   0.978851 0.113834 
18 24   0.330943 0.43086 
18 25   0.804559 0.878109 
18 26   0.907346 0.229225 
18 27   0.439405 0.216773 
18 28   0.783685 0.398053 
18 29   0.948759 0.788415 
19 0   0.519486 0.668691 
19 1   0.17246 0.472335 
19 2   0.911771 0.159307 
19 3   0.682028 0.982055 
19 4   0.514451 0.0507218 
19 5   0.862514 0.603351 
19 6   0.282998 0.387158 
19 7   0.119541 0.057741 
19 8   0.343852 0.0019837 
19 9   0.211554 0.490768 
19 10   0.889004 0.56859 
19 11   0.706565 0.585101 
19 12   0.195532 0.776025 
19 13   0.564287 0.798883 
19 14   0.770165 0.629994 
19 15   0.843318 0.729179 
19 16   0.618732 0.878384 
19 17   0.532884 0.600055 
19 18   0.640797 0.562243 
19 19   0.510178 0.875973 
19 20   0.149022 0.691519 
19 21   0.62215 0.999939 
19 22   0.513932 0.0456862 
19 23   0.892666 0.256996 
19 24   0.933287 0.099826 
19 25   0.854488 0.762322 
19 26   0.326548 0.0751061 
19 27   0.00625629 0.574602 
19 28   0.354686 0.11475 
19 29   0.394757 0.934294 
20 0   0.564379 0.584765 
20 1   0.321604 0.626789 
20 2   0.657826 0.499619 
20 3   0.175542 0.470992 
20 4   0.88702 0.0732749 
20 5   0.389386 0.932279 
20 6   0.573504 0.394696 
20 7   0.521958 0.860958 
20 8   0.752831 0.228828 
20 9   0.465346 0.355449 
20 10   0.943968 0.942259 
20 11   0.776666 0.750725 
20 12   0.0440382 0.554033 
20 13   0.135319 0.731437 
20 14   0.347697 0.911466 
20 15   0.924955 0.570208 
20 16   0.691763 0.990905 
20 17   0.940306 0.491043 
20 18   0.724601 0.323466 
20 19   0.219581 0.157414 
20 20   0.300851 0.545946 
20 21   0.00122074 0.285775 
20 22   0.000793481 0.0763878 
20 23   0.806055 0.383618 
20 24   0.775018 0.915128 
20 25   0.644215 0.612903 
20 26   0.713828 0.570269 
20 27   0.347331 0.778283 
20 28   0.941862 0.108798 
20 29   0.0253914 0.440321 
21 0   0.637501 0.332133 
21 1   0.648976 0.153966 
21 2   0.177648 0.0769066 
21 3   0.756035 0.83166 
21 4   0.406995 0.640919 
21 5   0.284127 0.231635 
21 6   0.0326853 0.33372 
21 7   0.527421 0.571245 
21 8   0.143803 0.152532 
21 9   0.218574 0.265267 
21 10   0.855953 0.582995 
21 11   0.735954 0.789148 
21 12   0.0807215 0.524888 
21 13   0.43556 0.667196 
21 14   0.420331 0.342967 
21 15   0.108097 0.586047 
21 16   0.186926 0.0427564 
21 17   0.560991 0.632832 
21 18   0.547472 0.571337 
21 19   0.325419 0.658437 
21 20   0.792901 0.242958 
21 21   0.488357 0.765862 
21 22   0.732933 0.290139 
21 23   0.649556 0.92346 
21 24   0.2154 0.539201 
21 25   0.0036317 0.703177 
21 26   0.77102 0.211035 
21 27   0.547166 0.143895 
21 28   0.38258 0.847163 
21 29   0.410535 0.739799 
22 0   0.379894 0.360057 
22 1   0.315073 0.553392 
22 2   0.458937 0.209418 
22 3   0.155156 0.454054 
22 4   0.826594 0.702658 
22 5   0.70513 0.481124 
22 6   0.470199 0.420667 
22 7   0.451369 0.332377 
22 8   0.551927 0.768761 
22 9   0.549272 0.977142 
22 10   0.928495 0.652364 
22 11   0.905454 0.394513 
22 12   0.795557 0.277779 
22 13   0.384533 0.436964 
22 14   0.457289 0.0780053 
22 15   0.141362 0.818323 
22 16   0.220923 0.763573 
22 17   0.0779443 0.227088 
22 18   0.416334 0.498093 
22 19   0.425611 0.564867 
22 20   0.540422 0.199377 
22 21   0.451796 0.309519 
22 22   0.526749 0.964995 
22 23   0.292306 0.00344859 
22 24   0.14011 0.623035 
22 25   0.908261 0.867061 
22 26   0.495956 0.408032 
22 27   0.168065 0.536637 
22 28   0.705008 0.761681 
22 29   0.0546281 0.928129 
23 0   0.64272 0.258553 
23 1   0.997223 0.225013 
23 2   0.843867 0.657002 
23 3   0.32841 0.991943 
23 4   0.52208 0.0748009 
23 5   0.866482 0.41258 
23 6   0.714347 0.290078 
23 7   0.622059 0.653371 
23 8   0.550493 0.166967 
23 9   0.630329 0.35139 
23 10   0.647877 0.206488 
23 11   0.908109 0.227973 
23 12   0.630696 0.222266 
23 13   0.535691 0.826777 
23 14   0.774743 0.14127 
23 15   0.864193 0.377087 
23 16   0.776757 0.929777 
23 17   0.847194 0.78222 
23 18   0.649037 0.64388 
23 19   0.498062 0.732658 
23 20   0.739036 0.605548 
23 21   0.471908 0.944456 
23 22   0.873745 0.703238 
23 23   0.772546 0.522385 
23 24   0.629292 0.817652 
23 25   0.584552 0.448408 
23 26   0.725578 0.372692 
23 27   0.230445 0.194678 
23 28   0.545579 0.0110172 
23 29   0.252449 0.462172 
24 0   0.780145 0.395093 
24 1   0.61977 0.0436415 
24 2   0.197272 0.132633 
24 3   0.0604572 0.812128 
24 4   0.536851 0.827754 
24 5   0.51854 0.834071 
24 6   0.530076 0.256355 
24 7   0.736015 0.607746 
24 8   0.0439772 0.667348 
24 9   0.959899 0.426435 
24 10   0.351054 0.208014 
24 11   0.774163 0.866787 
24 12   0.523606 0.475082 
24 13   0.0569475 0.401959 
24 14   0.953551 0.190374 
24 15   0.0624714 0.140141 
24 16   0.996643 0.00161748 
24 17   0.628071 0.687582 
24 18   0.74221 0.408246 
24 19   0.50618 0.136998 
24 20   0.907743 0.812098 
24 21   0.821528 0.180883 
24 22   0.85815 0.693258 
24 23   0.652974 0.349681 
24 24   0.750542 0.910947 
24 25   0.740745 0.375195 
24 26   0.803644 0.129063 
24 27   0.318247 0.678762 
24 28   0.692404 0.367229 
24 29   0.069277 0.984558 
25 0   0.0673849 0.676351 
25 1   0.209906 0.0578936 
25 2   0.19953 0.939451 
25 3   0.695669 0.568651 
25 4   0.749443 0.797571 
25 5   0.553453 0.0791345 
25 6   0.662038 0.70043 
25 7   0.338572 0.157903 
25 8   0.186071 0.0822474 
25 9   0.716941 0.617603 
25 10   0.0187078 0.662557 
25 11   0.171758 0.878506 
25 12   0.574969 0.871883 
25 13   0.835994 0.456618 
25 14   0.382305 0.402661 
25 15   0.449019 0.577197 
25 16   0.600116 0.884884 
25 17   0.438887 0.912778 
25 18   0.664327 0.687002 
25 19   0.129246 0.446577 
25 20   0.0568255 0.841609 
25 21   0.0714133 0.460829 
25 22   0.20014 0.0962554 
25 23   0.501419 0.649892 
25 24   0.476791 0.0893277 
25 25   0.921995 0.358715 
25 26   0.373943 0.650685 
25 27   0.809595 0.946074 
25 28   0.752922 0.227424 
25 29   0.446516 0.272652 
26 0   0.243721 0.434828 
26 1   0.877865 0.314707 
26 2   0.76455 0.732047 
26 3   0.993591 0.902005 
26 4   0.166326 0.222816 
26 5   0.735466 0.581194 
26 6   0.00228889 0.581378 
26 7   0.429273 0.604297 
26 8   0.422468 0.103153 
26 9   0.241646 0.0415967 
26 10   0.193152 0.880581 
26 11   0.762322 0.0203253 
26 12   0.841609 0.103824 
26 13   0.710837 0.0876492 
26 14   0.925413 0.486709 
26 15   0.768975 0.699118 
26 16   0.427046 0.817316 
26 17   0.537431 0.831812 
26 18   0.273598 0.633839 
26 19   0.618091 0.7228 
26 20   0.981017 0.0254219 
26 21   0.820948 0.732261 
26 22   0.42375 0.557909 
26 23   0.496109 0.331797 
26 24   0.729423 0.324564 
26 25   0.990967 0.217811 
26 26   0.298105 0.121921 
26 27   0.232032 0.549669 
26 28   0.947111 0.750542 
26 29   0.432173 0.313059 
27 0   0.180242 0.440779 
27 1   0.922483 0.808252 
27 2   0.58269 0.403577 
27 3   0.109317 0.263283 
27 4   0.340159 0.506272 
27 5   0.556566 0.572497 
27 6   0.883694 0.073336 
27 7   0.192267 0.159459 
27 8   0.659047 0.81225 
27 9   0.641072 0.965636 
27 10   0.0213019 0.864071 
27 11   0.680929 0.56328 
27 12   0.254494 0.979461 
27 13   0.825312 0.394024 
27 14   0.715812 0.81933 
27 15   0.0302133 0.132054 
27 16   0.105411 0.380627 
27 17   0.52617 0.172308 
27 18   0.861019 0.547166 
27 19   0.775262 0.243934 
27 20   0.677114 0.765374 
27 21   0.553148 0.14832 
27 22   0.149754 0.845119 
27 23   0.156163 0.622669 
27 24   0.546068 0.885372 
27 25   0.733299 0.328013 
27 26   0.69863 0.325144 
27 27   0.743217 0.962767 
27 28   0.0252083 0.119144 
27 29   0.536241 0.500656 
28 0   0.673116 0.038667 
28 1   0.0616169 0.554399 
28 2   0.788781 0.0972625 
28 3   0.69924 0.863643 
28 4   0.912412 0.101566 
28 5   0.216803 0.908475 
28 6   0.49733 0.327158 
28 7   0.852016 0.647572 
28 8   0.554643 0.319193 
28 9   0.519242 0.381573 
28 10   0.422712 0.818323 
28 11   0.141942 0.741295 
28 12   0.661733 0.811304 
28 13   0.109439 0.80105 
28 14   0.0731529 0.707053 
28 15   0.859035 0.316843 
28 16   0.844417 0.637135 
28 17   0.583026 0.089816 
28 18   0.818232 0.881741 
28 19   0.0607318 0.454421 
28 20   0.887295 0.420362 
28 21   0.61565 0.89169 
28 22   0.513718 0.607654 
28 23   0.197241 0.76751 
28 24   0.373699 0.974151 
28 25   0.588122 0.195959 
28 26   0.126865 0.152043 
28 27   0.736167 0.0276498 
28 28   0.310953 0.926084 
28 29   0.21128 0.962859 
29 0   0.361217 0.409131 
29 1   0.787774 0.789819 
29 2   0.755119 0.343181 
29 3   0.151036 0.748131 
29 4   0.281594 0.52504 
29 5   0.729911 0.0169378 
29 6   0.435987 0.357006 
29 7   0.653432 0.328318 
29 8   0.939207 0.522843 
29 9   0.833033 0.705344 
29 10   0.382366 0.788476 
29 11   0.169469 0.325632 
29 12   0.99649 0.927671 
29 13   0.885067 0.509445 
29 14   0.54677 0.772973 
29 15   0.980407 0.833033 
29 16   0.352306 0.39143 
29 17   0.816614 0.366863 
29 18   0.430555 0.385388 
29 19   0.822382 0.0390637 
29 20   0.766869 0.318186 
29 21   0.325846 0.123508 
29 22   0.708975 0.265023 
29 23   0.511765 0.853175 
29 24   0.486618 0.488784 
29 25   0.503464 0.158391 
29 26   0.856014 0.240669 
29 27   0.569933 0.53032 
29 28   0.869381 0.686117 
29 29   0.457778 0.00881985 
0 0   0.573492 0.267486 
0 1   0.573165 0.267826 
0 2   0.566958 0.260231 
0 3   0.535662 0.159581 
0 4   0.535589 0.159655 
0 5   0.53544 0.159195 
0 6   0.523906 0.138003 
0 7   0.420124 -0.0564186 
0 8   0.416873 -0.0576943 
0 9   0.455773 -0.0524237 
0 10   0.448025 -0.0764808 
0 11   0.738241 -0.634221 
0 12   0.738274 -0.633924 
0 13   0.738894 -0.644589 
0 14   0.753417 -0.624548 
0 15   0.753017 -0.624485 
0 16   0.791014 -0.688831 
0 17   0.797618 -0.692588 
0 18   0.797573 -0.692584 
0 19   0.805883 -0.395638 
0 20   0.805884 -0.395511 
0 21   0.808831 -0.398201 
0 22   0.781632 -0.174573 
0 23   0.840895 -0.042797 
0 24   0.84133 -0.0405251 
0 25   0.841357 -0.0405129 
0 26   0.841337 -0.0405383 
0 27   0.843479 0.0512077 
0 28   0.844625 0.0570024 
0 29   0.844015 0.0568369 
1 0   0.572874 0.266548 
1 1   0.574243 0.266183 
1 2   0.566588 0.259427 
1 3   0.535735 0.159625 
1 4   0.513467 0.134268 
1 5   0.513409 0.134176 
1 6   0.488788 0.0939453 
1 7   0.353967 -0.138399 
1 8   0.341913 -0.166634 
1 9   0.305031 -0.247588 
1 10   0.329405 -0.225119 
1 11   0.708598 -0.670488 
1 12   0.708602 -0.670482 
1 13   0.70859 -0.67168 
1 14   0.694192 -0.678011 
1 15   0.791247 -0.781268 
1 16   0.811702 -0.783625 
1 17   0.812859 -0.783127 
1 18   0.812866 -0.783127 
1 19   0.810099 -0.448747 
1 20   0.814095 -0.445326 
1 21   0.814817 -0.44613 
1 22   0.644377 -0.340408 
1 23   0.765413 -0.137392 
1 24   0.765466 -0.137067 
1 25   0.765465 -0.137067 
1 26   0.763831 -0.0807217 
1 27   0.76489 -0.0351776 
1 28   0.765499 -0.0330506 
1 29   0.765476 -0.0331822 
2 0   0.573651 0.264721 
2 1   0.572579 0.264318 
2 2   0.566631 0.259088 
2 3   0.535675 0.159571 
2 4   0.513451 0.134245 
2 5   0.513425 0.134153 
2 6   0.48886 0.0938876 
2 7   0.354097 -0.138678 
2 8   0.342054 -0.166788 
2 9   0.304919 -0.247494 
2 10   0.329421 -0.225139 
2 11   0.75619 -0.751134 
2 12   0.75619 -0.751133 
2 13   0.756186 -0.751744 
2 14   0.748511 -0.759071 
2 15   0.797217 -0.808543 
2 16   0.807574 -0.808708 
2 17   0.771215 -0.81014 
2 18   0.771215 -0.81014 
2 19   0.788478 -0.463015 
2 20   0.789429 -0.462221 
2 21   0.789514 -0.462544 
2 22   0.560953 -0.379381 
2 23   0.723532 -0.157388 
2 24   0.72355 -0.1573 
2 25   0.72366 -0.157079 
2 26   0.722807 -0.128953 
2 27   0.723279 -0.106235 
2 28   0.765478 -0.0332499 
2 29   0.765458 -0.0333141 
3 0   0.573429 0.263577 
3 1   0.532386 0.239656 
3 2   0.529015 0.237135 
3 3   0.516806 0.148366 
3 4   0.505056 0.129811 
3 5   0.50503 0.129773 
3 6   0.483689 0.0904517 
3 7   0.344609 -0.144388 
3 8   0.337807 -0.16867 
3 9   0.300827 -0.249435 
3 10   0.327356 -0.226082 
3 11   0.755927 -0.751245 
3 12   0.756189 -0.751135 
3 13   0.756184 -0.751746 
3 14   0.737766 -0.77533 
3 15   0.794217 -0.811996 
3 16   0.806067 -0.810434 
3 17   0.770292 -0.811203 
3 18   0.770292 -0.811203 
3 19   0.787904 -0.463711 
3 20   0.78838 -0.463314 
3 21   0.788422 -0.463476 
3 22   0.556429 -0.383427 
3 23   0.720853 -0.160132 
3 24   0.720863 -0.160087 
3 25   0.723657 -0.157082 
3 26   0.722793 -0.128965 
3 27   0.723248 -0.106252 
3 28   0.765212 -0.0337162 
3 29   0.765211 -0.033737 
4 0   0.552506 0.271248 
4 1   0.53328 0.259047 
4 2   0.532423 0.257842 
4 3   0.518492 0.158795 
4 4   0.512834 0.149436 
4 5   0.51283 0.149424 
4 6   0.483697 0.090464 
4 7   0.344608 -0.144405 
4 8   0.337797 -0.168681 
4 9   0.300813 -0.249425 
4 10   0.327342 -0.226069 
4 11   0.755927 -0.751246 
4 12   0.756189 -0.751134 
4 13   0.756184 -0.751746 
4 14   0.737765 -0.77533 
4 15   0.794217 -0.811996 
4 16   0.806067 -0.810434 
4 17   0.770292 -0.811203 
4 18   0.770292 -0.811203 
4 19   0.787904 -0.463711 
4 20   0.78838 -0.463314 
4 21   0.788422 -0.463476 
4 22   0.556429 -0.383427 
4 23   0.720853 -0.160132 
4 24   0.720863 -0.160087 
4 25   0.723657 -0.157082 
4 26   0.722793 -0.128966 
4 27   0.723248 -0.106252 
4 28   0.765175 -0.0337629 
4 29   0.765172 -0.0337684 
5 0   0.552341 0.271336 
5 1   0.533259 0.258918 
5 2   0.532398 0.257818 
5 3   0.518489 0.158782 
5 4   0.512834 0.149433 
5 5   0.512829 0.149424 
5 6   0.483691 0.0904494 
5 7   0.344554 -0.144441 
5 8   0.337785 -0.168695 
5 9   0.30081 -0.249435 
5 10   0.327335 -0.226111 
5 11   0.755927 -0.751246 
5 12   0.75619 -0.751136 
5 13   0.756185 -0.751747 
5 14   0.737765 -0.775331 
5 15   0.794217 -0.811996 
5 16   0.806067 -0.810434 
5 17   0.770292 -0.811203 
5 18   0.770292 -0.811203 
5 19   0.787904 -0.463711 
5 20   0.78838 -0.463314 
5 21   0.788422 -0.463476 
5 22   0.556429 -0.383427 
5 23   0.720853 -0.160132 
5 24   0.720863 -0.160087 
5 25   0.723657 -0.157082 
5 26   0.722793 -0.128966 
5 27   0.723248 -0.106252 
5 28   0.765176 -0.0337652 
5 29   0.765175 -0.0337693 
6 0   0.472032 0.218174 
6 1   0.244128 0.0235258 
6 2   0.244036 0.0233821 
6 3   0.315538 -0.0906134 
6 4   0.310393 -0.100131 
6 5   0.310384 -0.100148 
6 6   0.26863 -0.166481 
6 7   0.263691 -0.172054 
6 8   0.269521 -0.178097 
6 9   0.244207 -0.221272 
6 10   0.244192 -0.22132 
6 11   0.745535 -0.750647 
6 12   0.748925 -0.756725 
6 13   0.749541 -0.756928 
6 14   0.73132 -0.78037 
6 15   0.792489 -0.813418 
6 16   0.80521 -0.811145 
6 17   0.769714 -0.811777 
6 18   0.769715 -0.811777 
6 19   0.78776 -0.463864 
6 20   0.769057 -0.468454 
6 21   0.769057 -0.468454 
6 22   0.479052 -0.403295 
6 23   0.479455 -0.40258 
6 24   0.479454 -0.402634 
6 25   0.482263 -0.400011 
6 26   0.480608 -0.374829 
6 27   0.479859 -0.356317 
6 28   0.480785 -0.293031 
6 29   0.482685 -0.291387 
7 0   0.471888 0.218297 
7 1   0.24406 0.023593 
7 2   0.243985 0.0234254 
7 3   0.315618 -0.0906205 
7 4   0.310394 -0.100121 
7 5   0.310383 -0.100158 
7 6   0.259479 -0.173689 
7 7   0.258263 -0.175022 
7 8   0.259694 -0.176502 
7 9   0.239226 -0.22054 
7 10   0.239223 -0.22055 
7 11   0.68526 -0.713935 
7 12   0.690536 -0.72542 
7 13   0.690537 -0.725421 
7 14   0.654326 -0.769545 
7 15   0.773428 -0.841975 
7 16   0.802337 -0.836277 
7 17   0.733298 -0.837256 
7 18   0.733299 -0.837256 
7 19   0.733805 -0.836665 
7 20   0.658864 -0.854902 
7 21   0.658511 -0.854709 
7 22   0.147274 -0.693029 
7 23   0.147527 -0.692524 
7 24   0.147527 -0.692524 
7 25   0.146385 -0.691972 
7 26   0.124616 -0.654387 
7 27   0.0921513 -0.637984 
7 28   0.0296138 -0.554786 
7 29   0.031178 -0.552832 
8 0   0.469159 0.218316 
8 1   0.243477 0.0235759 
8 2   0.241227 0.0220374 
8 3   0.241203 0.0220585 
8 4   0.233026 0.00402991 
8 5   0.233015 0.00401371 
8 6   0.128668 -0.142867 
8 7   0.127888 -0.144426 
8 8   0.131945 -0.148109 
8 9   0.0913227 -0.236249 
8 10   0.0913131 -0.23627 
8 11   0.400766 -0.553299 
8 12   0.421805 -0.598954 
8 13   0.421873 -0.599391 
8 14   0.412841 -0.65665 
8 15   0.625905 -0.817633 
8 16   0.625902 -0.817636 
8 17   0.529305 -0.80583 
8 18   0.529308 -0.805831 
8 19   0.530319 -0.804649 
8 20   0.401178 -0.834243 
8 21   0.400339 -0.833741 
8 22   0.125843 -0.699415 
8 23   0.125844 -0.699414 
8 24   0.125844 -0.699414 
8 25   0.123568 -0.69877 
8 26   0.0511561 -0.652558 
8 27   0.0511818 -0.652527 
8 28   -0.051658 -0.586894 
8 29   -0.0508793 -0.585916 
9 0   0.441464 0.22627 
9 1   0.236544 0.0254725 
9 2   0.231815 0.0224606 
9 3   0.231739 0.0224015 
9 4   0.22818 0.00349096 
9 5   0.228169 0.00345631 
9 6   0.128669 -0.142865 
9 7   0.127879 -0.144429 
9 8   0.131948 -0.14811 
9 9   0.0913193 -0.236246 
9 10   0.0913133 -0.236269 
9 11   0.400766 -0.553299 
9 12   0.421805 -0.598955 
9 13   0.421873 -0.599391 
9 14   0.412841 -0.65665 
9 15   0.264047 -0.847032 
9 16   0.206118 -0.85076 
9 17   0.31906 -0.821902 
9 18   0.319062 -0.821902 
9 19   0.319312 -0.821606 
9 20   0.296025 -0.841941 
9 21   0.29583 -0.841819 
9 22   0.0217252 -0.707791 
9 23   0.0217254 -0.70779 
9 24   0.0217254 -0.70779 
9 25   0.0211487 -0.707626 
9 26   0.0107347 -0.674974 
9 27   0.0506354 -0.65224 
9 28   -0.0516574 -0.586895 
9 29   -0.0508814 -0.585914 
10 0   0.314954 0.401208 
10 1   0.217965 0.299448 
10 2   0.21749 0.299059 
10 3   0.217476 0.299049 
10 4   0.215728 0.288956 
10 5   0.215722 0.288946 
10 6   0.129306 -0.141413 
10 7   0.127893 -0.144411 
10 8   0.131944 -0.148097 
10 9   0.0913185 -0.23625 
10 10   0.091313 -0.236269 
10 11   0.400766 -0.553299 
10 12   0.421804 -0.598954 
10 13   0.421874 -0.59939 
10 14   0.412841 -0.65665 
10 15   0.264047 -0.847032 
10 16   0.206118 -0.85076 
10 17   0.31906 -0.821902 
10 18   0.319062 -0.821902 
10 19   -0.065503 -0.765807 
10 20   -0.0771191 -0.77604 
10 21   -0.0771788 -0.775842 
10 22   -0.214196 -0.708773 
10 23   -0.214196 -0.708773 
10 24   -0.214196 -0.708773 
10 25   -0.214526 -0.708733 
10 26   -0.221986 -0.695401 
10 27   -0.204337 -0.687092 
10 28   -0.25995 -0.65933 
10 29   -0.259231 -0.65833 
11 0   0.267568 0.440097 
11 1   0.187297 0.296503 
11 2   0.185433 0.294999 
11 3   0.185455 0.294933 
11 4   0.18864 0.271699 
11 5   0.188559 0.271535 
11 6   0.0859815 -0.174491 
11 7   0.0831869 -0.180518 
11 8   0.0918274 -0.186961 
11 9   0.0912968 -0.236284 
11 10   0.0912833 -0.23633 
11 11   0.40074 -0.55332 
11 12   0.421701 -0.599037 
11 13   0.421662 -0.599553 
11 14   0.412809 -0.656661 
11 15   0.264042 -0.847032 
11 16   0.206117 -0.85076 
11 17   0.31906 -0.821902 
11 18   -0.121835 -0.755032 
11 19   -0.314118 -0.726984 
11 20   -0.319927 -0.732101 
11 21   -0.319955 -0.732002 
11 22   -0.388464 -0.698468 
11 23   -0.388464 -0.698467 
11 24   -0.388464 -0.698467 
11 25   -0.388629 -0.698448 
11 26   -0.392358 -0.691781 
11 27   -0.383534 -0.687627 
11 28   -0.411341 -0.673746 
11 29   -0.259229 -0.65833 
12 0   0.36204 0.498433 
12 1   0.321436 0.425884 
12 2   0.320612 0.425207 
12 3   0.320636 0.425217 
12 4   0.320589 0.425198 
12 5   0.266953 0.40739 
12 6   0.188643 0.229176 
12 7   0.187255 0.226175 
12 8   0.187227 0.226138 
12 9   -0.075578 -0.10821 
12 10   -0.0756336 -0.108385 
12 11   0.317284 -0.48937 
12 12   0.316275 -0.475177 
12 13   0.316087 -0.479336 
12 14   0.324088 -0.543852 
12 15   0.163412 -0.652419 
12 16   0.00364782 -0.837311 
12 17   0.217648 -0.815826 
12 18   -0.172539 -0.751995 
12 19   -0.339466 -0.725449 
12 20   -0.33258 -0.731315 
12 21   -0.332252 -0.730987 
12 22   -0.447955 -0.72247 
12 23   -0.447955 -0.72247 
12 24   -0.423996 -0.699041 
12 25   -0.424881 -0.699013 
12 26   -0.416561 -0.693395 
12 27   -0.407014 -0.689383 
12 28   -0.458694 -0.67733 
12 29   -0.35521 -0.66565 
13 0   0.361425 0.499226 
13 1   0.321457 0.426304 
13 2   0.32051 0.425355 
13 3   0.320565 0.425306 
13 4   0.320551 0.425367 
13 5   0.266961 0.407464 
13 6   0.188731 0.22974 
13 7   0.187318 0.226753 
13 8   0.187305 0.226742 
13 9   -0.0755895 -0.108184 
13 10   -0.151811 -0.170021 
13 11   -0.151812 -0.17003 
13 12   -0.232111 -0.204012 
13 13   -0.232165 -0.205058 
13 14   -0.221869 -0.267829 
13 15   -0.423537 -0.423834 
13 16   -0.7936 -0.808604 
13 17   -0.794566 -0.809457 
13 18   -0.679012 -0.748515 
13 19   -0.592703 -0.72371 
13 20   -0.553592 -0.746583 
13 21   -0.550986 -0.74772 
13 22   -0.550645 -0.747348 
13 23   -0.550644 -0.747348 
13 24   -0.497591 -0.699143 
13 25   -0.498449 -0.699086 
13 26   -0.489739 -0.691279 
13 27   -0.466105 -0.673753 
13 28   -0.466094 -0.673722 
13 29   -0.360967 -0.660001 
14 0   0.373892 0.519142 
14 1   0.332517 0.451681 
14 2   0.331555 0.450734 
14 3   0.310304 0.431924 
14 4   0.310297 0.431925 
14 5   0.279384 0.413467 
14 6   0.24538 0.335689 
14 7   0.244667 0.334179 
14 8   0.244672 0.334174 
14 9   0.118491 0.182242 
14 10   0.0744968 0.136442 
14 11   0.0396262 0.117392 
14 12   -0.0269064 0.0984269 
14 13   -0.02692 0.0981656 
14 14   -0.34234 -0.217267 
14 15   -0.453655 -0.411193 
14 16   -0.808659 -0.802283 
14 17   -0.809626 -0.803137 
14 18   -0.686541 -0.745355 
14 19   -0.684186 -0.456359 
14 20   -0.663689 -0.468191 
14 21   -0.663328 -0.468364 
14 22   -0.662135 -0.468916 
14 23   -0.662134 -0.468915 
14 24   -0.635178 -0.444837 
14 25   -0.635178 -0.444837 
14 26   -0.630851 -0.440929 
14 27   -0.619221 -0.432121 
14 28   -0.61921 -0.43209 
14 29   -0.567437 -0.424821 
15 0   0.3913 0.569883 
15 1   0.373319 0.526145 
15 2   0.372583 0.525111 
15 3   0.330779 0.468943 
15 4   0.302158 0.453595 
15 5   0.29498 0.447251 
15 6   0.286672 0.427225 
15 7   0.28653 0.426928 
15 8   0.259184 0.386341 
15 9   0.146623 0.287349 
15 10   0.124584 0.264337 
15 11   -0.205879 0.148846 
15 12   -0.222508 0.144115 
15 13   -0.222505 0.14407 
15 14   -0.32997 0.0599369 
15 15   -0.486281 -0.184157 
15 16   -0.669693 -0.366466 
15 17   -0.669935 -0.366679 
15 18   -0.605467 -0.344587 
15 19   -0.665482 -0.263444 
15 20   -0.654879 -0.270183 
15 21   -0.654789 -0.270226 
15 22   -0.663575 -0.466874 
15 23   -0.663575 -0.466874 
15 24   -0.635898 -0.443818 
15 25   -0.635898 -0.443818 
15 26   -0.632586 -0.439783 
15 27   -0.619226 -0.432121 
15 28   -0.619218 -0.432088 
15 29   -0.5675 -0.424803 
16 0   0.391512 0.570188 
16 1   0.373222 0.526144 
16 2   0.372609 0.525156 
16 3   0.330783 0.468953 
16 4   0.302162 0.453594 
16 5   0.29498 0.447252 
16 6   0.286673 0.427225 
16 7   0.28653 0.426929 
16 8   0.259185 0.386345 
16 9   0.146624 0.287349 
16 10   0.124584 0.264337 
16 11   -0.205879 0.148846 
16 12   -0.222508 0.144115 
16 13   -0.400614 0.0286531 
16 14   -0.454346 -0.0134135 
16 15   -0.532501 -0.135461 
16 16   -0.624207 -0.226615 
16 17   -0.624328 -0.226722 
16 18   -0.592095 -0.215675 
16 19   -0.670398 -0.20106 
16 20   -0.665096 -0.20443 
16 21   -0.665051 -0.204451 
16 22   -0.669444 -0.302775 
16 23   -0.666628 -0.282379 
16 24   -0.644104 -0.414553 
16 25   -0.644104 -0.414553 
16 26   -0.642448 -0.412536 
16 27   -0.635768 -0.408705 
16 28   -0.635764 -0.408688 
16 29   -0.602402 -0.378003 
17 0   0.444635 0.579491 
17 1   0.444679 0.579487 
17 2   0.444476 0.579241 
17 3   0.36675 0.496135 
17 4   0.320145 0.467191 
17 5   0.312769 0.460883 
17 6   0.299672 0.439809 
17 7   0.299616 0.439707 
17 8   0.285354 0.4119 
17 9   0.151045 0.312137 
17 10   0.107848 0.265249 
17 11   -0.222964 0.14454 
17 12   -0.222964 0.14454 
17 13   -0.40084 0.0288664 
17 14   -0.454895 -0.0129443 
17 15   -0.532607 -0.135458 
17 16   -0.624259 -0.226614 
17 17   -0.624462 -0.226755 
17 18   -0.592171 -0.215672 
17 19   -0.670417 -0.201059 
17 20   -0.670419 -0.201062 
17 21   -0.670331 -0.201107 
17 22   -0.679707 -0.296224 
17 23   -0.671759 -0.279103 
17 24   -0.649235 -0.411278 
17 25   -0.649235 -0.411278 
17 26   -0.64617 -0.407241 
17 27   -0.634833 -0.39966 
17 28   -0.634833 -0.39966 
17 29   -0.594913 -0.359127 
18 0   0.498213 0.660148 
18 1   0.498215 0.660144 
18 2   0.498109 0.660008 
18 3   0.459247 0.618456 
18 4   0.435954 0.604099 
18 5   0.43226 0.600859 
18 6   0.425873 0.590836 
18 7   0.299888 0.440688 
18 8   0.285901 0.413864 
18 9   -0.0562006 0.355846 
18 10   -0.0787576 0.329234 
18 11   -0.30755 0.181293 
18 12   -0.308417 0.18046 
18 13   -0.443564 0.0468428 
18 14   -0.471099 0.0260209 
18 15   -0.50936 -0.0352875 
18 16   -0.555009 -0.0809307 
18 17   -0.555009 -0.0809307 
18 18   -0.557436 -0.14278 
18 19   -0.65884 -0.165668 
18 20   -0.670457 -0.20102 
18 21   -0.670537 -0.201081 
18 22   -0.680178 -0.296109 
18 23   -0.672003 -0.279025 
18 24   -0.649488 -0.411128 
18 25   -0.649488 -0.411128 
18 26   -0.647084 -0.406253 
18 27   -0.642136 -0.391974 
18 28   -0.642136 -0.391974 
18 29   -0.615102 -0.339956 
19 0   0.49895 0.661074 
19 1   0.498939 0.661068 
19 2   0.498944 0.661055 
19 3   0.459655 0.618983 
19 4   0.436146 0.604298 
19 5   0.432307 0.600909 
19 6   0.425904 0.590854 
19 7   0.300007 0.440746 
19 8   0.286138 0.413976 
19 9   -0.0556221 0.356478 
19 10   -0.0786859 0.329314 
19 11   -0.307514 0.181334 
19 12   -0.308399 0.180481 
19 13   -0.443561 0.0468586 
19 14   -0.47107 0.0260779 
19 15   -0.510981 -0.0288344 
19 16   -0.565951 -0.0419274 
19 17   -0.565945 -0.0417074 
19 18   -0.562869 -0.123196 
19 19   -0.660199 -0.160773 
19 20   -0.673173 -0.191228 
19 21   -0.77775 -0.0178327 
19 22   -0.784158 -0.0601059 
19 23   -0.781991 -0.056163 
19 24   -0.780301 -0.118924 
19 25   -0.780301 -0.118924 
19 26   -0.779769 -0.11773 
19 27   -0.765277 -0.113408 
19 28   -0.766388 -0.115131 
19 29   -0.756698 -0.0829916 
20 0   0.486424 0.669288 
20 1   0.486423 0.669289 
20 2   0.486422 0.669287 
20 3   0.447806 0.623271 
20 4   0.430223 0.606397 
20 5   0.429305 0.605571 
20 6   0.424443 0.59873 
20 7   0.297113 0.456594 
20 8   0.280352 0.445671 
20 9   -0.0539533 0.392205 
20 10   -0.0631199 0.379375 
20 11   -0.29468 0.209123 
20 12   -0.294902 0.20891 
20 13   -0.436812 0.0610728 
20 14   -0.470953 0.0271126 
20 15   -0.527288 0.0104434 
20 16   -0.559416 0.00115322 
20 17   -0.559628 0.0013432 
20 18   -0.559711 -0.101671 
20 19   -0.659409 -0.155391 
20 20   -0.671655 -0.180523 
20 21   -0.777055 -0.0123692 
20 22   -0.782707 -0.0490823 
20 23   -0.781702 -0.0482786 
20 24   -0.782263 -0.105178 
20 25   -0.782263 -0.105178 
20 26   -0.780227 -0.11642 
20 27   -0.765277 -0.113408 
20 28   -0.766388 -0.115131 
20 29   -0.756698 -0.0829917 
21 0   0.51005 0.682266 
21 1   0.51005 0.682261 
21 2   0.51003 0.682256 
21 3   0.453929 0.629848 
21 4   0.43327 0.609688 
21 5   0.431425 0.608032 
21 6   0.424429 0.598689 
21 7   0.297113 0.456593 
21 8   0.280347 0.44567 
21 9   -0.0539538 0.392204 
21 10   -0.06312 0.379375 
21 11   -0.29468 0.209123 
21 12   -0.294902 0.20891 
21 13   -0.436812 0.0610728 
21 14   -0.470953 0.0271126 
21 15   -0.527288 0.0104434 
21 16   -0.559416 0.00115322 
21 17   -0.559628 0.0013432 
21 18   -0.559711 -0.101671 
21 19   -0.665808 -0.146129 
21 20   -0.684515 -0.162058 
21 21   -0.783613 -0.00291406 
21 22   -0.7957 -0.0299788 
21 23   -0.79369 -0.0283714 
21 24   -0.823195 0.0626702 
21 25   -0.823195 0.0626702 
21 26   -0.820387 0.0613464 
21 27   -0.812911 0.0628524 
21 28   -0.813467 0.061991 
21 29   -0.816886 0.112082 
22 0   0.510065 0.682288 
22 1   0.510064 0.682291 
22 2   0.510061 0.682283 
22 3   0.453931 0.62985 
22 4   0.433271 0.609689 
22 5   0.431426 0.608033 
22 6   0.424387 0.598754 
22 7   0.297017 0.456714 
22 8   0.280158 0.44592 
22 9   -0.0541003 0.39303 
22 10   -0.0630342 0.379933 
22 11   -0.294638 0.209401 
22 12   -0.294749 0.209294 
22 13   -0.436735 0.0612652 
22 14   -0.470636 0.027891 
22 15   -0.527157 0.0107104 
22 16   -0.559344 0.0012872 
22 17   -0.559628 0.0013432 
22 18   -0.559651 0.00136152 
22 19   -0.665778 -0.0946132 
22 20   -0.703192 -0.126471 
22 21   -0.793209 0.0153249 
22 22   -0.814643 0.00688539 
22 23   -0.810623 0.0101002 
22 24   -0.837001 0.110813 
22 25   -0.837001 0.110813 
22 26   -0.831384 0.108166 
22 27   -0.816433 0.111178 
22 28   -0.817545 0.109455 
22 29   -0.816886 0.112082 
23 0   0.516045 0.716796 
23 1   0.516048 0.716796 
23 2   0.516043 0.716797 
23 3   0.445739 0.647303 
23 4   0.404451 0.606875 
23 5   0.404451 0.606875 
23 6   0.386335 0.602546 
23 7   0.220912 0.4643 
23 8   0.18649 0.477866 
23 9   -0.199548 0.52276 
23 10   -0.203866 0.515109 
23 11   -0.363272 0.277665 
23 12   -0.363383 0.277557 
23 13   -0.471052 0.0953967 
23 14   -0.486758 0.0891071 
23 15   -0.515093 0.0807309 
23 16   -0.526622 0.0716073 
23 17   -0.531856 0.0614995 
23 18   -0.531884 0.0615052 
23 19   -0.651894 -0.0645414 
23 20   -0.703149 -0.126367 
23 21   -0.793165 0.0154369 
23 22   -0.814468 0.00733362 
23 23   -0.810551 0.010365 
23 24   -0.839372 0.111376 
23 25   -0.839372 0.111376 
23 26   -0.836258 0.109011 
23 27   -0.825645 0.121816 
23 28   -0.828034 0.118572 
23 29   -0.827719 0.12503 
24 0   0.460698 0.736533 
24 1   0.460527 0.736549 
24 2   0.460527 0.736549 
24 3   0.431601 0.655779 
24 4   0.397398 0.611129 
24 5   0.00937222 0.798203 
24 6   8.65875e-005 0.79674 
24 7   -0.0868354 0.730474 
24 8   -0.112473 0.74297 
24 9   -0.289128 0.758055 
24 10   -0.403154 0.862543 
24 11   -0.443437 0.800971 
24 12   -0.443449 0.800951 
24 13   -0.460837 0.625092 
24 14   -0.464221 0.626166 
24 15   -0.471199 0.624067 
24 16   -0.571018 0.25476 
24 17   -0.572548 0.253157 
24 18   -0.572566 0.253146 
24 19   -0.672564 0.0321226 
24 20   -0.697374 0.0106334 
24 21   -0.791798 0.0272056 
24 22   -0.811691 0.0315386 
24 23   -0.813327 0.0517745 
24 24   -0.84449 0.138338 
24 25   -0.844491 0.138337 
24 26   -0.846306 0.163141 
24 27   -0.843746 0.16754 
24 28   -0.843793 0.16762 
24 29   -0.843775 0.167709 
25 0   0.460811 0.736699 
25 1   0.460474 0.736729 
25 2   0.460474 0.736731 
25 3   0.442779 0.734691 
25 4   0.374385 0.645345 
25 5   -0.0025927 0.815324 
25 6   -0.0212361 0.812385 
25 7   -0.129482 0.761757 
25 8   -0.180914 0.786736 
25 9   -0.30744 0.768937 
25 10   -0.41234 0.868001 
25 11   -0.448342 0.803282 
25 12   -0.448389 0.8032 
25 13   -0.463307 0.626219 
25 14   -0.464063 0.626292 
25 15   -0.471071 0.624183 
25 16   -0.570894 0.254872 
25 17   -0.572393 0.253354 
25 18   -0.572428 0.253333 
25 19   -0.573155 0.254926 
25 20   -0.622528 0.212687 
25 21   -0.811062 0.246663 
25 22   -0.851477 0.253665 
25 23   -0.854749 0.294137 
25 24   -0.917076 0.467263 
25 25   -0.917077 0.467263 
25 26   -0.920707 0.51687 
25 27   -0.915587 0.525667 
25 28   -0.915681 0.525828 
25 29   -0.915645 0.526007 
26 0   0.454259 0.800307 
26 1   0.453591 0.800373 
26 2   0.45359 0.800376 
26 3   0.418212 0.796315 
26 4   0.418165 0.796267 
26 5   0.0165335 0.890897 
26 6   -0.0580373 0.879145 
26 7   -0.203096 0.895233 
26 8   -0.203097 0.895232 
26 9   -0.315379 0.795961 
26 10   -0.416392 0.881541 
26 11   -0.41969 0.8776 
26 12   -0.419877 0.877274 
26 13   -0.449052 0.663266 
26 14   -0.452075 0.663555 
26 15   -0.461681 0.653483 
26 16   -0.557783 0.30702 
26 17   -0.560343 0.305691 
26 18   -0.560483 0.305604 
26 19   -0.562527 0.307055 
26 20   -0.658087 0.235078 
26 21   -0.849844 0.265603 
26 22   -0.849855 0.265604 
26 23   -0.854045 0.298416 
26 24   -0.916902 0.468336 
26 25   -0.916904 0.468335 
26 26   -0.920379 0.519036 
26 27   -0.915587 0.525667 
26 28   -0.915681 0.525828 
26 29   -0.915645 0.526007 
27 0   0.454257 0.800307 
27 1   0.453591 0.800377 
27 2   0.453588 0.800373 
27 3   0.418208 0.796313 
27 4   0.418165 0.796268 
27 5   0.0165334 0.890897 
27 6   -0.0580356 0.879144 
27 7   -0.203097 0.895232 
27 8   -0.203096 0.895233 
27 9   -0.315379 0.795961 
27 10   -0.416392 0.881541 
27 11   -0.41969 0.877601 
27 12   -0.419877 0.877275 
27 13   -0.419879 0.877299 
27 14   -0.425925 0.877878 
27 15   -0.445137 0.857734 
27 16   -0.536844 0.700805 
27 17   -0.541963 0.698146 
27 18   -0.542244 0.697972 
27 19   -0.546332 0.700874 
27 20   -0.737452 0.556921 
27 21   -0.914081 0.323955 
27 22   -0.914103 0.323957 
27 23   -0.923657 0.402812 
27 24   -0.917893 0.472176 
27 25   -0.917898 0.472174 
27 26   -0.922402 0.526757 
27 27   -0.919633 0.54111 
27 28   -0.919821 0.541431 
27 29   -0.919748 0.541789 
28 0   0.415088 0.819964 
28 1   0.40985 0.820457 
28 2   0.409938 0.820401 
28 3   0.39638 0.806374 
28 4   0.396141 0.805926 
28 5   0.00329692 0.894623 
28 6   -0.0615282 0.879816 
28 7   -0.210142 0.896352 
28 8   -0.210147 0.896347 
28 9   -0.315335 0.79604 
28 10   -0.416381 0.881561 
28 11   -0.419652 0.877654 
28 12   -0.419839 0.877327 
28 13   -0.419845 0.877373 
28 14   -0.42589 0.877957 
28 15   -0.44513 0.857754 
28 16   -0.536851 0.700809 
28 17   -0.541976 0.698155 
28 18   -0.541967 0.698278 
28 19   -0.546194 0.701027 
28 20   -0.736691 0.558333 
28 21   -0.912558 0.326781 
28 22   -0.912604 0.326785 
28 23   -0.923485 0.403206 
28 24   -0.917884 0.472201 
28 25   -0.917893 0.472196 
28 26   -0.922382 0.526846 
28 27   -0.919594 0.541292 
28 28   -0.919743 0.541794 
28 29   -0.919748 0.541789 
29 0   0.278128 0.899514 
29 1   0.268133 0.900196 
29 2   0.268125 0.900087 
29 3   0.240948 0.871958 
29 4   0.240964 0.871931 
29 5   -0.0802831 0.92643 
29 6   -0.209912 0.896976 
29 7   -0.21004 0.896498 
29 8   -0.210023 0.896509 
29 9   -0.309334 0.904932 
29 10   -0.413559 0.936042 
29 11   -0.420124 0.928125 
29 12   -0.420101 0.927809 
29 13   -0.420175 0.928126 
29 14   -0.43227 0.929358 
29 15   -0.470974 0.888559 
29 16   -0.612703 0.733135 
29 17   -0.622634 0.72828 
29 18   -0.622916 0.728415 
29 19   -0.63154 0.733516 
29 20   -0.736368 0.55917 
29 21   -0.911959 0.328401 
29 22   -0.912343 0.328397 
29 23   -0.923421 0.403327 
29 24   -0.917868 0.472221 
29 25   -0.917887 0.472221 
29 26   -0.92236 0.526945 
29 27   -0.919549 0.541483 
29 28   -0.919654 0.542177 
29 29   -0.91969 0.542137 
